<?xml version="1.0" encoding="UTF-8"?>
<testsuite name="eCommerce" tests="19" skipped="0" failures="1" errors="0" timestamp="2021-12-18T22:58:26" hostname="XME4863-LAP" time="17.449">
  <properties/>
  <testcase name="t01_obtener_categorias" classname="eCommerce" time="2.369"/>
  <testcase name="t02_filtrado_smartphone_cdmx" classname="eCommerce" time="0.267"/>
  <testcase name="t04_obtener_access_token_con_Basic_Auth_email_pass" classname="eCommerce" time="1.426"/>
  <testcase name="t05_editar_datos_usuario" classname="eCommerce" time="0.646"/>
  <testcase name="t06_bad_request_datos_usuario_sin_account_en_body" classname="eCommerce" time="0.141"/>
  <testcase name="t07_bad_request_datos_usuario_telefono_en_blanco_en_body" classname="eCommerce" time="0.485"/>
  <testcase name="t08_obtener_balance_monedas" classname="eCommerce" time="0.729"/>
  <testcase name="t09_unauthorized_obtener_balance_monedas" classname="eCommerce" time="0.137"/>
  <testcase name="t10_obtener_credenciales" classname="eCommerce" time="1.566"/>
  <testcase name="t11_crear_direccion_nueva" classname="eCommerce" time="0.229"/>
  <testcase name="t12_ver_direcciones" classname="eCommerce" time="0.217"/>
  <testcase name="t13_borrar_direcciones" classname="eCommerce" time="0.343"/>
  <testcase name="t14_ver_direcciones_metodo_no_permitido" classname="eCommerce" time="0.309"/>
  <testcase name="t15_crear_anuncio_nuevo" classname="eCommerce" time="3.496"/>
  <testcase name="t16_ver_anuncios_pendientes" classname="eCommerce" time="1.824"/>
  <testcase name="t17_recomendar_precio_auto" classname="eCommerce" time="0.153"/>
  <testcase name="t18_agregar_articulo_a_favorito" classname="eCommerce" time="0.391">
    <failure message="com.jayway.jsonpath.PathNotFoundException: Missing property in path $['added']" type="com.jayway.jsonpath.PathNotFoundException">com.jayway.jsonpath.PathNotFoundException: Missing property in path $['added']
	at com.jayway.jsonpath.internal.path.PathToken.handleObjectProperty(PathToken.java:72)
	at com.jayway.jsonpath.internal.path.PropertyPathToken.evaluate(PropertyPathToken.java:79)
	at com.jayway.jsonpath.internal.path.RootPathToken.evaluate(RootPathToken.java:62)
	at com.jayway.jsonpath.internal.path.CompiledPath.evaluate(CompiledPath.java:53)
	at com.jayway.jsonpath.internal.path.CompiledPath.evaluate(CompiledPath.java:61)
	at com.jayway.jsonpath.JsonPath.read(JsonPath.java:187)
	at com.jayway.jsonpath.internal.JsonContext.read(JsonContext.java:102)
	at com.jayway.jsonpath.internal.JsonContext.read(JsonContext.java:89)
	at com.jayway.jsonpath.JsonPath.read(JsonPath.java:502)
	at eCommerce.t18_agregar_articulo_a_favorito(eCommerce.java:366)
	at sun.reflect.NativeMethodAccessorImpl.invoke0(Native Method)
	at sun.reflect.NativeMethodAccessorImpl.invoke(NativeMethodAccessorImpl.java:62)
	at sun.reflect.DelegatingMethodAccessorImpl.invoke(DelegatingMethodAccessorImpl.java:43)
	at java.lang.reflect.Method.invoke(Method.java:498)
	at org.junit.runners.model.FrameworkMethod$1.runReflectiveCall(FrameworkMethod.java:50)
	at org.junit.internal.runners.model.ReflectiveCallable.run(ReflectiveCallable.java:12)
	at org.junit.runners.model.FrameworkMethod.invokeExplosively(FrameworkMethod.java:47)
	at org.junit.internal.runners.statements.InvokeMethod.evaluate(InvokeMethod.java:17)
	at org.junit.runners.ParentRunner.runLeaf(ParentRunner.java:325)
	at org.junit.runners.BlockJUnit4ClassRunner.runChild(BlockJUnit4ClassRunner.java:78)
	at org.junit.runners.BlockJUnit4ClassRunner.runChild(BlockJUnit4ClassRunner.java:57)
	at org.junit.runners.ParentRunner$3.run(ParentRunner.java:290)
	at org.junit.runners.ParentRunner$1.schedule(ParentRunner.java:71)
	at org.junit.runners.ParentRunner.runChildren(ParentRunner.java:288)
	at org.junit.runners.ParentRunner.access$000(ParentRunner.java:58)
	at org.junit.runners.ParentRunner$2.evaluate(ParentRunner.java:268)
	at org.junit.runners.ParentRunner.run(ParentRunner.java:363)
	at org.gradle.api.internal.tasks.testing.junit.JUnitTestClassExecutor.runTestClass(JUnitTestClassExecutor.java:110)
	at org.gradle.api.internal.tasks.testing.junit.JUnitTestClassExecutor.execute(JUnitTestClassExecutor.java:58)
	at org.gradle.api.internal.tasks.testing.junit.JUnitTestClassExecutor.execute(JUnitTestClassExecutor.java:38)
	at org.gradle.api.internal.tasks.testing.junit.AbstractJUnitTestClassProcessor.processTestClass(AbstractJUnitTestClassProcessor.java:62)
	at org.gradle.api.internal.tasks.testing.SuiteTestClassProcessor.processTestClass(SuiteTestClassProcessor.java:51)
	at sun.reflect.NativeMethodAccessorImpl.invoke0(Native Method)
	at sun.reflect.NativeMethodAccessorImpl.invoke(NativeMethodAccessorImpl.java:62)
	at sun.reflect.DelegatingMethodAccessorImpl.invoke(DelegatingMethodAccessorImpl.java:43)
	at java.lang.reflect.Method.invoke(Method.java:498)
	at org.gradle.internal.dispatch.ReflectionDispatch.dispatch(ReflectionDispatch.java:36)
	at org.gradle.internal.dispatch.ReflectionDispatch.dispatch(ReflectionDispatch.java:24)
	at org.gradle.internal.dispatch.ContextClassLoaderDispatch.dispatch(ContextClassLoaderDispatch.java:33)
	at org.gradle.internal.dispatch.ProxyDispatchAdapter$DispatchingInvocationHandler.invoke(ProxyDispatchAdapter.java:94)
	at com.sun.proxy.$Proxy2.processTestClass(Unknown Source)
	at org.gradle.api.internal.tasks.testing.worker.TestWorker.processTestClass(TestWorker.java:121)
	at sun.reflect.NativeMethodAccessorImpl.invoke0(Native Method)
	at sun.reflect.NativeMethodAccessorImpl.invoke(NativeMethodAccessorImpl.java:62)
	at sun.reflect.DelegatingMethodAccessorImpl.invoke(DelegatingMethodAccessorImpl.java:43)
	at java.lang.reflect.Method.invoke(Method.java:498)
	at org.gradle.internal.dispatch.ReflectionDispatch.dispatch(ReflectionDispatch.java:36)
	at org.gradle.internal.dispatch.ReflectionDispatch.dispatch(ReflectionDispatch.java:24)
	at org.gradle.internal.remote.internal.hub.MessageHubBackedObjectConnection$DispatchWrapper.dispatch(MessageHubBackedObjectConnection.java:182)
	at org.gradle.internal.remote.internal.hub.MessageHubBackedObjectConnection$DispatchWrapper.dispatch(MessageHubBackedObjectConnection.java:164)
	at org.gradle.internal.remote.internal.hub.MessageHub$Handler.run(MessageHub.java:414)
	at org.gradle.internal.concurrent.ExecutorPolicy$CatchAndRecordFailures.onExecute(ExecutorPolicy.java:64)
	at org.gradle.internal.concurrent.ManagedExecutorImpl$1.run(ManagedExecutorImpl.java:48)
	at java.util.concurrent.ThreadPoolExecutor.runWorker(ThreadPoolExecutor.java:1149)
	at java.util.concurrent.ThreadPoolExecutor$Worker.run(ThreadPoolExecutor.java:624)
	at org.gradle.internal.concurrent.ThreadFactoryImpl$ManagedThreadRunnable.run(ThreadFactoryImpl.java:56)
	at java.lang.Thread.run(Thread.java:748)
</failure>
  </testcase>
  <testcase name="t19_obtener_articulo_favorito" classname="eCommerce" time="0.262"/>
  <testcase name="t20_cambiar_password" classname="eCommerce" time="2.455"/>
  <system-out><![CDATA[Request method:	GET
Request URI:	https://webapi.segundamano.mx/nga/api/v1/public/categories/insert?lang=es
Proxy:			<none>
Request params:	<none>
Query params:	lang=es
Form params:	<none>
Path params:	<none>
Headers:		Accept=*/*
Cookies:		<none>
Multiparts:		<none>
Body:			<none>
Body response: {"categories":[{"categories":[{"code":"1020","icon":"http://www.segundamano.mx/img/nga/inmuebles.png","label":"Venta inmuebles","max_images":20,"region_picker_level":"area"},{"code":"1040","icon":"http://www.segundamano.mx/img/nga/inmuebles.png","label":"Renta inmuebles","max_images":20,"region_picker_level":"area"},{"code":"1060","icon":"http://www.segundamano.mx/img/nga/inmuebles.png","label":"Traspasos","max_images":20,"region_picker_level":"area"},{"code":"1080","icon":"http://www.segundamano.mx/img/nga/inmuebles.png","label":"Rentas vacacionales","max_images":20,"region_picker_level":"area"}],"code":"1000","icon":"http://www.segundamano.mx/img/nga/inmuebles.png","label":"Inmuebles","max_images":0,"region_picker_level":"area"},{"categories":[{"categories":[{"code":"2021","icon":"http://www.segundamano.mx/img/nga/vehiculos.png","label":"Autos","max_images":10,"region_picker_level":"area"},{"code":"2022","icon":"http://www.segundamano.mx/img/nga/vehiculos.png","label":"Suv, Jeep y Van","max_images":10,"region_picker_level":"area"},{"code":"2023","icon":"http://www.segundamano.mx/img/nga/vehiculos.png","label":"Pick up","max_images":10,"region_picker_level":"area"}],"code":"2020","icon":"http://www.segundamano.mx/img/nga/vehiculos.png","label":"Automóviles y camionetas","max_images":0,"region_picker_level":"area"},{"code":"2040","icon":"http://www.segundamano.mx/img/nga/vehiculos.png","label":"Motocicletas","max_images":10,"region_picker_level":"area"},{"categories":[{"code":"2121","icon":"http://www.segundamano.mx/img/nga/vehiculos.png","label":"Autoestereos y sonido","max_images":10,"region_picker_level":"area"},{"code":"2122","icon":"http://www.segundamano.mx/img/nga/vehiculos.png","label":"Refacciones y otras","max_images":10,"region_picker_level":"area"},{"code":"2123","icon":"http://www.segundamano.mx/img/nga/vehiculos.png","label":"Rines y llantas","max_images":10,"region_picker_level":"area"},{"code":"2124","icon":"http://www.segundamano.mx/img/nga/vehiculos.png","label":"Remolques y cajas secas","max_images":10,"region_picker_level":"area"}],"code":"2120","icon":"http://www.segundamano.mx/img/nga/vehiculos.png","label":"Accesorios y piezas","max_images":0,"region_picker_level":"area"},{"code":"2080","icon":"http://www.segundamano.mx/img/nga/vehiculos.png","label":"Camiones, comerciales y casas rodantes","max_images":10,"region_picker_level":"area"},{"code":"2060","icon":"http://www.segundamano.mx/img/nga/vehiculos.png","label":"Náutica y aéreos","max_images":10,"region_picker_level":"area"}],"code":"2000","icon":"http://www.segundamano.mx/img/nga/vehiculos.png","label":"Vehículos","max_images":0,"region_picker_level":"area"},{"categories":[{"categories":[{"code":"5041","icon":"http://www.segundamano.mx/img/nga/computadoras_y_electronica.png","label":"Telefonía","max_images":10,"region_picker_level":"area"},{"code":"5042","icon":"http://www.segundamano.mx/img/nga/computadoras_y_electronica.png","label":"Accesorios","max_images":10,"region_picker_level":"area"}],"code":"5040","icon":"http://www.segundamano.mx/img/nga/computadoras_y_electronica.png","label":"Celulares y teléfonos","max_images":0,"region_picker_level":"area"},{"code":"5080","icon":"http://www.segundamano.mx/img/nga/computadoras_y_electronica.png","label":"Audio, tv, video y fotografía","max_images":10,"region_picker_level":"area"},{"categories":[{"code":"5021","icon":"http://www.segundamano.mx/img/nga/computadoras_y_electronica.png","label":"Laptops, PC y tabletas","max_images":10,"region_picker_level":"area"},{"code":"5022","icon":"http://www.segundamano.mx/img/nga/computadoras_y_electronica.png","label":"Accesorios, juegos y programas","max_images":10,"region_picker_level":"area"}],"code":"5020","icon":"http://www.segundamano.mx/img/nga/computadoras_y_electronica.png","label":"Computadoras y accesorios","max_images":0,"region_picker_level":"area"},{"code":"5060","icon":"http://www.segundamano.mx/img/nga/computadoras_y_electronica.png","label":"Consolas y videojuegos","max_images":10,"region_picker_level":"area"}],"code":"5000","icon":"http://www.segundamano.mx/img/nga/computadoras_y_electronica.png","label":"Computación y electrónica","max_images":0,"region_picker_level":"area"},{"categories":[{"categories":[{"code":"3041","icon":"http://www.segundamano.mx/img/nga/tu_hogar_y_tu.png","label":"Ventilación y calefacción","max_images":10,"region_picker_level":"area"},{"code":"3042","icon":"http://www.segundamano.mx/img/nga/tu_hogar_y_tu.png","label":"Utensilios de cocina","max_images":10,"region_picker_level":"area"},{"code":"3043","icon":"http://www.segundamano.mx/img/nga/tu_hogar_y_tu.png","label":"Electrodomésticos y línea blanca","max_images":10,"region_picker_level":"area"},{"code":"3044","icon":"http://www.segundamano.mx/img/nga/tu_hogar_y_tu.png","label":"Blancos, organización y limpieza","max_images":10,"region_picker_level":"area"}],"code":"3040","icon":"http://www.segundamano.mx/img/nga/tu_hogar_y_tu.png","label":"Todo para tu casa","max_images":0,"region_picker_level":"area"},{"code":"3020","icon":"http://www.segundamano.mx/img/nga/tu_hogar_y_tu.png","label":"Jardín, herramientas y exteriores","max_images":10,"region_picker_level":"area"},{"categories":[{"code":"3061","icon":"http://www.segundamano.mx/img/nga/tu_hogar_y_tu.png","label":"Vestidos, faldas, trajes","max_images":10,"region_picker_level":"area"},{"code":"3062","icon":"http://www.segundamano.mx/img/nga/tu_hogar_y_tu.png","label":"Zapatos","max_images":10,"region_picker_level":"area"},{"code":"3063","icon":"http://www.segundamano.mx/img/nga/tu_hogar_y_tu.png","label":"Playeras y camisas","max_images":10,"region_picker_level":"area"},{"code":"3064","icon":"http://www.segundamano.mx/img/nga/tu_hogar_y_tu.png","label":"Pantalones y shorts","max_images":10,"region_picker_level":"area"},{"code":"3065","icon":"http://www.segundamano.mx/img/nga/tu_hogar_y_tu.png","label":"Sweaters, abrigos y chamarras","max_images":10,"region_picker_level":"area"},{"code":"3066","icon":"http://www.segundamano.mx/img/nga/tu_hogar_y_tu.png","label":"Otras prendas de vestir","max_images":10,"region_picker_level":"area"}],"code":"3060","icon":"http://www.segundamano.mx/img/nga/tu_hogar_y_tu.png","label":"Ropa y calzado","max_images":0,"region_picker_level":"area"},{"categories":[{"code":"3101","icon":"http://www.segundamano.mx/img/nga/tu_hogar_y_tu.png","label":"Ropa, calzado y accesorios","max_images":10,"region_picker_level":"area"},{"code":"3102","icon":"http://www.segundamano.mx/img/nga/tu_hogar_y_tu.png","label":"Juguetes","max_images":10,"region_picker_level":"area"},{"code":"3103","icon":"http://www.segundamano.mx/img/nga/tu_hogar_y_tu.png","label":"Sillas y carriolas","max_images":10,"region_picker_level":"area"},{"code":"3104","icon":"http://www.segundamano.mx/img/nga/tu_hogar_y_tu.png","label":"Muebles y blancos","max_images":10,"region_picker_level":"area"},{"code":"3105","icon":"http://www.segundamano.mx/img/nga/tu_hogar_y_tu.png","label":"Cuidado y nutrición","max_images":10,"region_picker_level":"area"}],"code":"3100","icon":"http://www.segundamano.mx/img/nga/tu_hogar_y_tu.png","label":"Bebés y niños","max_images":0,"region_picker_level":"area"},{"categories":[{"code":"3081","icon":"http://www.segundamano.mx/img/nga/tu_hogar_y_tu.png","label":"Relojes","max_images":10,"region_picker_level":"area"},{"code":"3082","icon":"http://www.segundamano.mx/img/nga/tu_hogar_y_tu.png","label":"Joyas y bisutería","max_images":10,"region_picker_level":"area"},{"code":"3083","icon":"http://www.segundamano.mx/img/nga/tu_hogar_y_tu.png","label":"Bolsas, carteras y cinturones","max_images":10,"region_picker_level":"area"},{"code":"3084","icon":"http://www.segundamano.mx/img/nga/tu_hogar_y_tu.png","label":"Lentes, gorras y otros accesorios","max_images":10,"region_picker_level":"area"}],"code":"3080","icon":"http://www.segundamano.mx/img/nga/tu_hogar_y_tu.png","label":"Accesorios y joyería","max_images":0,"region_picker_level":"area"},{"categories":[{"code":"3121","icon":"http://www.segundamano.mx/img/nga/tu_hogar_y_tu.png","label":"Sala","max_images":10,"region_picker_level":"area"},{"code":"3122","icon":"http://www.segundamano.mx/img/nga/tu_hogar_y_tu.png","label":"Recámara","max_images":10,"region_picker_level":"area"},{"code":"3123","icon":"http://www.segundamano.mx/img/nga/tu_hogar_y_tu.png","label":"Comedor","max_images":10,"region_picker_level":"area"},{"code":"3124","icon":"http://www.segundamano.mx/img/nga/tu_hogar_y_tu.png","label":"Artículos de decoración","max_images":10,"region_picker_level":"area"},{"code":"3125","icon":"http://www.segundamano.mx/img/nga/tu_hogar_y_tu.png","label":"Otros muebles","max_images":10,"region_picker_level":"area"}],"code":"3120","icon":"http://www.segundamano.mx/img/nga/tu_hogar_y_tu.png","label":"Muebles y decoración","max_images":0,"region_picker_level":"area"}],"code":"3000","icon":"http://www.segundamano.mx/img/nga/tu_hogar_y_tu.png","label":"Tu hogar y tú","max_images":0,"region_picker_level":"area"},{"categories":[{"code":"6020","icon":"http://www.segundamano.mx/img/nga/empleo_y_educacion.png","label":"Ofertas de empleo","max_images":10,"region_picker_level":"area"},{"code":"6040","icon":"http://www.segundamano.mx/img/nga/empleo_y_educacion.png","label":"Busco empleo","max_images":10,"region_picker_level":"area"},{"code":"6060","icon":"http://www.segundamano.mx/img/nga/empleo_y_educacion.png","label":"Educación","max_images":10,"region_picker_level":"area"}],"code":"6000","icon":"http://www.segundamano.mx/img/nga/empleo_y_educacion.png","label":"Empleo y educación","max_images":0,"region_picker_level":"area"},{"categories":[{"categories":[{"code":"4021","icon":"http://www.segundamano.mx/img/nga/tiempo_libre.png","label":"Animales","max_images":10,"region_picker_level":"area"},{"code":"4022","icon":"http://www.segundamano.mx/img/nga/tiempo_libre.png","label":"Accesorios, cuidado y nutrición","max_images":10,"region_picker_level":"area"}],"code":"4020","icon":"http://www.segundamano.mx/img/nga/tiempo_libre.png","label":"Animales y mascotas","max_images":0,"region_picker_level":"area"},{"categories":[{"code":"4041","icon":"http://www.segundamano.mx/img/nga/tiempo_libre.png","label":"Ropa y calzado deportivo","max_images":10,"region_picker_level":"area"},{"code":"4042","icon":"http://www.segundamano.mx/img/nga/tiempo_libre.png","label":"Equipo, accesorios y hobbies","max_images":10,"region_picker_level":"area"}],"code":"4040","icon":"http://www.segundamano.mx/img/nga/tiempo_libre.png","label":"Deportes y hobbies","max_images":0,"region_picker_level":"area"},{"code":"4060","icon":"http://www.segundamano.mx/img/nga/tiempo_libre.png","label":"Instrumentos musicales","max_images":10,"region_picker_level":"area"},{"code":"4100","icon":"http://www.segundamano.mx/img/nga/tiempo_libre.png","label":"Coleccionismo","max_images":10,"region_picker_level":"area"},{"code":"4080","icon":"http://www.segundamano.mx/img/nga/tiempo_libre.png","label":"Música, libros y películas","max_images":10,"region_picker_level":"area"},{"code":"4120","icon":"http://www.segundamano.mx/img/nga/tiempo_libre.png","label":"Salud y belleza","max_images":10,"region_picker_level":"area"},{"code":"4140","icon":"http://www.segundamano.mx/img/nga/tiempo_libre.png","label":"Papelería, escolares y oficina","max_images":10,"region_picker_level":"area"}],"code":"4000","icon":"http://www.segundamano.mx/img/nga/tiempo_libre.png","label":"Tiempo libre","max_images":0,"region_picker_level":"area"},{"categories":[{"categories":[{"code":"8021","icon":"http://www.segundamano.mx/img/nga/servicios.png","label":"Construcción","max_images":10,"region_picker_level":"area"},{"code":"8022","icon":"http://www.segundamano.mx/img/nga/servicios.png","label":"Diseño","max_images":10,"region_picker_level":"area"},{"code":"8023","icon":"http://www.segundamano.mx/img/nga/servicios.png","label":"Decoración de interiores","max_images":10,"region_picker_level":"area"},{"code":"8024","icon":"http://www.segundamano.mx/img/nga/servicios.png","label":"Remodelaciones","max_images":10,"region_picker_level":"area"},{"code":"8025","icon":"http://www.segundamano.mx/img/nga/servicios.png","label":"Jardinería","max_images":10,"region_picker_level":"area"},{"code":"8026","icon":"http://www.segundamano.mx/img/nga/servicios.png","label":"Persianas y pisos","max_images":10,"region_picker_level":"area"},{"code":"8027","icon":"http://www.segundamano.mx/img/nga/servicios.png","label":"Carpinteros","max_images":10,"region_picker_level":"area"},{"code":"8028","icon":"http://www.segundamano.mx/img/nga/servicios.png","label":"Electricista","max_images":10,"region_picker_level":"area"},{"code":"8029","icon":"http://www.segundamano.mx/img/nga/servicios.png","label":"Herrería","max_images":10,"region_picker_level":"area"},{"code":"8030","icon":"http://www.segundamano.mx/img/nga/servicios.png","label":"Albañiles","max_images":10,"region_picker_level":"area"},{"code":"8031","icon":"http://www.segundamano.mx/img/nga/servicios.png","label":"Plomero","max_images":10,"region_picker_level":"area"},{"code":"8032","icon":"http://www.segundamano.mx/img/nga/servicios.png","label":"Pintor","max_images":10,"region_picker_level":"area"},{"code":"8033","icon":"http://www.segundamano.mx/img/nga/servicios.png","label":"Limpieza","max_images":10,"region_picker_level":"area"},{"code":"8034","icon":"http://www.segundamano.mx/img/nga/servicios.png","label":"Mantenimiento de Inmuebles","max_images":10,"region_picker_level":"area"}],"code":"8020","icon":"http://www.segundamano.mx/img/nga/servicios.png","label":"Remodelaciones y mantenimiento","max_images":0,"region_picker_level":"area"},{"categories":[{"code":"8041","icon":"http://www.segundamano.mx/img/nga/servicios.png","label":"Arquitectos","max_images":10,"region_picker_level":"area"},{"code":"8042","icon":"http://www.segundamano.mx/img/nga/servicios.png","label":"Abogados","max_images":10,"region_picker_level":"area"},{"code":"8043","icon":"http://www.segundamano.mx/img/nga/servicios.png","label":"Contadores","max_images":10,"region_picker_level":"area"},{"code":"8044","icon":"http://www.segundamano.mx/img/nga/servicios.png","label":"Administración","max_images":10,"region_picker_level":"area"},{"code":"8045","icon":"http://www.segundamano.mx/img/nga/servicios.png","label":"Más profesionales","max_images":10,"region_picker_level":"area"}],"code":"8040","icon":"http://www.segundamano.mx/img/nga/servicios.png","label":"Profesionales","max_images":0,"region_picker_level":"area"},{"categories":[{"code":"8061","icon":"http://www.segundamano.mx/img/nga/servicios.png","label":"Equipo ligero","max_images":10,"region_picker_level":"area"},{"code":"8062","icon":"http://www.segundamano.mx/img/nga/servicios.png","label":"Grúas","max_images":10,"region_picker_level":"area"},{"code":"8063","icon":"http://www.segundamano.mx/img/nga/servicios.png","label":"Maquinaria y equipo pesado","max_images":10,"region_picker_level":"area"}],"code":"8060","icon":"http://www.segundamano.mx/img/nga/servicios.png","label":"Renta de maquinaria y equipo","max_images":0,"region_picker_level":"area"},{"categories":[{"code":"8081","icon":"http://www.segundamano.mx/img/nga/servicios.png","label":"Celulares","max_images":10,"region_picker_level":"area"},{"code":"8082","icon":"http://www.segundamano.mx/img/nga/servicios.png","label":"Computadoras y laptops","max_images":10,"region_picker_level":"area"},{"code":"8083","icon":"http://www.segundamano.mx/img/nga/servicios.png","label":"Línea Blanca","max_images":10,"region_picker_level":"area"},{"code":"8084","icon":"http://www.segundamano.mx/img/nga/servicios.png","label":"Aire acondicionado","max_images":10,"region_picker_level":"area"},{"code":"8085","icon":"http://www.segundamano.mx/img/nga/servicios.png","label":"Equipos industriales","max_images":10,"region_picker_level":"area"},{"code":"8086","icon":"http://www.segundamano.mx/img/nga/servicios.png","label":"Otros equipos electrónicos","max_images":10,"region_picker_level":"area"}],"code":"8080","icon":"http://www.segundamano.mx/img/nga/servicios.png","label":"Reparación de equipo","max_images":0,"region_picker_level":"area"},{"code":"8100","icon":"http://www.segundamano.mx/img/nga/servicios.png","label":"Internet y Comunicaciones","max_images":10,"region_picker_level":"area"},{"categories":[{"code":"8121","icon":"http://www.segundamano.mx/img/nga/servicios.png","label":"Mudanzas y fletes","max_images":10,"region_picker_level":"area"},{"code":"8122","icon":"http://www.segundamano.mx/img/nga/servicios.png","label":"Transporte de pasajeros","max_images":10,"region_picker_level":"area"}],"code":"8120","icon":"http://www.segundamano.mx/img/nga/servicios.png","label":"Transportes","max_images":0,"region_picker_level":"area"},{"categories":[{"code":"8141","icon":"http://www.segundamano.mx/img/nga/servicios.png","label":"Foto y video","max_images":10,"region_picker_level":"area"},{"code":"8142","icon":"http://www.segundamano.mx/img/nga/servicios.png","label":"Salon de eventos","max_images":10,"region_picker_level":"area"},{"code":"8143","icon":"http://www.segundamano.mx/img/nga/servicios.png","label":"Organización de eventos","max_images":10,"region_picker_level":"area"},{"code":"8144","icon":"http://www.segundamano.mx/img/nga/servicios.png","label":"Comida para fiestas","max_images":10,"region_picker_level":"area"},{"code":"8145","icon":"http://www.segundamano.mx/img/nga/servicios.png","label":"Alquiler de Equipamiento","max_images":10,"region_picker_level":"area"},{"code":"8146","icon":"http://www.segundamano.mx/img/nga/servicios.png","label":"Música para eventos","max_images":10,"region_picker_level":"area"}],"code":"8140","icon":"http://www.segundamano.mx/img/nga/servicios.png","label":"Eventos","max_images":0,"region_picker_level":"area"},{"categories":[{"code":"8161","icon":"http://www.segundamano.mx/img/nga/servicios.png","label":"Taller Mecánico","max_images":10,"region_picker_level":"area"},{"code":"8162","icon":"http://www.segundamano.mx/img/nga/servicios.png","label":"Hojalatería y pintura","max_images":10,"region_picker_level":"area"},{"code":"8163","icon":"http://www.segundamano.mx/img/nga/servicios.png","label":"Autolavado","max_images":10,"region_picker_level":"area"}],"code":"8160","icon":"http://www.segundamano.mx/img/nga/servicios.png","label":"Mantenimiento de Autos","max_images":0,"region_picker_level":"area"},{"categories":[{"code":"8181","icon":"http://www.segundamano.mx/img/nga/servicios.png","label":"Peluquería","max_images":10,"region_picker_level":"area"},{"code":"8182","icon":"http://www.segundamano.mx/img/nga/servicios.png","label":"Depilación","max_images":10,"region_picker_level":"area"},{"code":"8183","icon":"http://www.segundamano.mx/img/nga/servicios.png","label":"Manicura y Pedicura","max_images":10,"region_picker_level":"area"},{"code":"8184","icon":"http://www.segundamano.mx/img/nga/servicios.png","label":"Maquillaje","max_images":10,"region_picker_level":"area"},{"code":"8185","icon":"http://www.segundamano.mx/img/nga/servicios.png","label":"Masajes y Spa","max_images":10,"region_picker_level":"area"}],"code":"8180","icon":"http://www.segundamano.mx/img/nga/servicios.png","label":"Cuidado personal, belleza y estética","max_images":0,"region_picker_level":"area"},{"categories":[{"code":"8201","icon":"http://www.segundamano.mx/img/nga/servicios.png","label":"Diseño gráfico y digital","max_images":10,"region_picker_level":"area"},{"code":"8202","icon":"http://www.segundamano.mx/img/nga/servicios.png","label":"Imprenta","max_images":10,"region_picker_level":"area"},{"code":"8203","icon":"http://www.segundamano.mx/img/nga/servicios.png","label":"Promocionales","max_images":10,"region_picker_level":"area"}],"code":"8200","icon":"http://www.segundamano.mx/img/nga/servicios.png","label":"Publicidad","max_images":0,"region_picker_level":"area"},{"categories":[{"code":"8221","icon":"http://www.segundamano.mx/img/nga/servicios.png","label":"Veterinarias","max_images":10,"region_picker_level":"area"},{"code":"8222","icon":"http://www.segundamano.mx/img/nga/servicios.png","label":"Paseadores y cuidadores","max_images":10,"region_picker_level":"area"},{"code":"8223","icon":"http://www.segundamano.mx/img/nga/servicios.png","label":"Estética canina","max_images":10,"region_picker_level":"area"}],"code":"8220","icon":"http://www.segundamano.mx/img/nga/servicios.png","label":"Servicios para mascota","max_images":0,"region_picker_level":"area"},{"categories":[{"code":"8241","icon":"http://www.segundamano.mx/img/nga/servicios.png","label":"Accesorios y servicios funerarios","max_images":10,"region_picker_level":"area"},{"code":"8242","icon":"http://www.segundamano.mx/img/nga/servicios.png","label":"Fabricación","max_images":10,"region_picker_level":"area"},{"code":"8243","icon":"http://www.segundamano.mx/img/nga/servicios.png","label":"Varios","max_images":10,"region_picker_level":"area"}],"code":"8240","icon":"http://www.segundamano.mx/img/nga/servicios.png","label":"Otros Servicios","max_images":0,"region_picker_level":"area"}],"code":"8000","icon":"http://www.segundamano.mx/img/nga/servicios.png","label":"Servicios","max_images":0,"region_picker_level":"area"},{"categories":[{"code":"9020","icon":"http://www.segundamano.mx/img/nga/negocios_y_servicios.png","label":"Venta y Traspasos","max_images":10,"region_picker_level":"area"},{"categories":[{"code":"9041","icon":"http://www.segundamano.mx/img/nga/negocios_y_servicios.png","label":"Alimentos","max_images":10,"region_picker_level":"area"},{"code":"9042","icon":"http://www.segundamano.mx/img/nga/negocios_y_servicios.png","label":"Mobiliario","max_images":10,"region_picker_level":"area"},{"code":"9043","icon":"http://www.segundamano.mx/img/nga/negocios_y_servicios.png","label":"Industrial","max_images":10,"region_picker_level":"area"}],"code":"9040","icon":"http://www.segundamano.mx/img/nga/negocios_y_servicios.png","label":"Equipamiento e Insumos","max_images":0,"region_picker_level":"area"}],"code":"9000","icon":"http://www.segundamano.mx/img/nga/negocios_y_servicios.png","label":"Negocios e Industria","max_images":0,"region_picker_level":"area"}]}
Headers response: Server=nginx
Content-Type=application/json; charset=utf-8
Vary=Accept-Encoding
Cache-Control=max-age=31536000
X-SCM-API-Version=1
ETag=W/"22cea3b426a3ea3aa3b0bd0e7a971732"
Date=Sat, 18 Dec 2021 22:58:28 GMT
X-Frame-Options=DENY
Content-Encoding=gzip
Via=1.1 google
Alt-Svc=clear
Transfer-Encoding=chunked
Request method:	POST
Request URI:	https://webapi.segundamano.mx/listing/eyJyZWdpb24iOiIxMSIsImNhdGVnb3J5X2x2MCI6IjUwMDAiLCJjYXRlZ29yeV9sdjEiOiI1MDQwIiwiY2F0ZWdvcnlfbHYyIjoiNTA0MSIsInByaWNlIjoiMjAwMCwzNTAwIiwibGltIjoiMjgifQ%3D%3D
Proxy:			<none>
Request params:	<none>
Query params:	<none>
Form params:	<none>
Path params:	<none>
Headers:		Accept=*/*
				Content-Type=application/x-www-form-urlencoded; charset=ISO-8859-1
Cookies:		<none>
Multiparts:		<none>
Body:			<none>
Body response: {"list_ads":[{"ad":{"list_id":"/public/ads/937474943","list_price":{"currency":"MXN","label":"$ 3,350","price_value":3350},"prices":[{"currency":"MXN","label":"$ 3,350","price_value":3350}],"share_link":"https://www.segundamano.mx/anuncios/ciudad-de-mexico/coyoacan/celulares/moto-g9-plus-937474943","subject":"Moto G9 Plus ","thumbnail":{"path":"79/7979438015.jpg","base_url":"http://img.segundamano.mx"},"images":[{"path":"79/7979438015.jpg","base_url":"http://img.segundamano.mx"},{"path":"79/7970914696.jpg","base_url":"http://img.segundamano.mx"},{"path":"79/7962391377.jpg","base_url":"http://img.segundamano.mx"}],"user":{"account":{"name":"Enrique Romero","since":"2014-03-16 16:21:22.777902","user_uuid":"831ec1f9-3df3-43b6-9555-b482fff8c43a"}},"locations":[{"code":"11","key":"region","label":"Ciudad de México","locations":[{"code":"293","key":"municipality","label":"Coyoacán","locations":[{"code":"7543","key":"area","label":"Campestre Coyoacán"}]}]}],"body":"Estética de 9.9\nLiberado para cualquier compañía\nSin fallas o detalles\nEntrego equipo con mica de cristal templado. \n","category":{"code":"5041","icon":"http://www.segundamano.mx/img/nga/computadoras_y_electronica.png","color":"8ECBCD","label":"Telefonía","parent":{"code":"5040","label":"Celulares y teléfonos","parent":{"code":"5000","label":"Computación y electrónica"}}},"list_time":{"label":"18 Dec 21 16:44 CST","value":1639867494},"ad_details":{"phone_brand":{"single":{"code":"12","label":"Motorola"}}},"ad_id":"/private/accounts/3501159/ads/72962482","company_ad":false,"paid":false,"phone_hidden":true,"type":{"code":"s","label":"Vendo"}},"labelmap":{"area":"Colonia","body":"Descripción del anuncio","category":"Categoría","images":"Foto principal","locations":"Estado","municipality":"Delegación","phone_brand":"Marca","prices":"Precio","subject":"Título","type":"Tipo de anuncio","user":"Nombre"}},{"ad":{"list_id":"/public/ads/937474688","list_price":{"currency":"MXN","label":"$ 3,000","price_value":3000},"prices":[{"currency":"MXN","label":"$ 3,000","price_value":3000}],"share_link":"https://www.segundamano.mx/anuncios/ciudad-de-mexico/benito-juarez/celulares/celular-nokia-3-4-nuevo-937474688","subject":"Celular nokia 3.4 nuevo","thumbnail":{"path":"79/7911477282.jpg","base_url":"http://img.segundamano.mx"},"images":[{"path":"79/7911477282.jpg","base_url":"http://img.segundamano.mx"},{"path":"79/7907513619.jpg","base_url":"http://img.segundamano.mx"},{"path":"79/7916036938.jpg","base_url":"http://img.segundamano.mx"}],"user":{"account":{"name":"nadya.gabryela","since":"2021-12-18 15:02:34.347105","user_uuid":"10f0429e-e08d-4318-9302-214c80a96ffc"}},"locations":[{"code":"11","key":"region","label":"Ciudad de México","locations":[{"code":"292","key":"municipality","label":"Benito Juárez","locations":[{"code":"7516","key":"area","label":"Portales Sur"}]}]}],"body":"telefono celular modelo 3.4 pantalla 6.39\" triple camara 64gb\n","category":{"code":"5041","icon":"http://www.segundamano.mx/img/nga/computadoras_y_electronica.png","color":"8ECBCD","label":"Telefonía","parent":{"code":"5040","label":"Celulares y teléfonos","parent":{"code":"5000","label":"Computación y electrónica"}}},"list_time":{"label":"18 Dec 21 15:33 CST","value":1639863204},"ad_details":{"phone_brand":{"single":{"code":"13","label":"Nokia"}}},"ad_id":"/private/accounts/11516798/ads/72962171","company_ad":false,"paid":false,"phone_hidden":true,"type":{"code":"s","label":"Vendo"}},"labelmap":{"area":"Colonia","body":"Descripción del anuncio","category":"Categoría","images":"Foto principal","locations":"Estado","municipality":"Delegación","phone_brand":"Marca","prices":"Precio","subject":"Título","type":"Tipo de anuncio","user":"Nombre"}},{"ad":{"list_id":"/public/ads/937474526","list_price":{"currency":"MXN","label":"$ 2,199","price_value":2199},"prices":[{"currency":"MXN","label":"$ 2,199","price_value":2199}],"share_link":"https://www.segundamano.mx/anuncios/ciudad-de-mexico/gustavo-a-madero/celulares/honor-9a-nuevo-de-exhibicion-con-dto-937474526","subject":"HONOR 9A NUEVO DE EXHIBICION CON Dto.","thumbnail":{"path":"79/7968727672.jpg","base_url":"http://img.segundamano.mx"},"images":[{"path":"79/7968727672.jpg","base_url":"http://img.segundamano.mx"},{"path":"79/7943157715.jpg","base_url":"http://img.segundamano.mx"},{"path":"79/7960204353.jpg","base_url":"http://img.segundamano.mx"},{"path":"79/7951681034.jpg","base_url":"http://img.segundamano.mx"},{"path":"79/7934634396.jpg","base_url":"http://img.segundamano.mx"},{"path":"79/7977250991.jpg","base_url":"http://img.segundamano.mx"},{"path":"79/7985774310.jpg","base_url":"http://img.segundamano.mx"}],"user":{"account":{"name":"cesar aguilar ","since":"2015-09-11 10:22:00.314924","user_uuid":"e0842b42-bdff-4668-a0ba-ae490fd4694f"}},"locations":[{"code":"11","key":"region","label":"Ciudad de México","locations":[{"code":"296","key":"municipality","label":"Gustavo A. Madero","locations":[{"code":"89398","key":"area","label":"San Juan de Aragón VII Sección"}]}]}],"body":"EQUIPO NUEVO DE EXHIBICION \n\nCOMPLETO \n\nVIENEN EN AT\u0026T SE PUEDE LIBERAR SIN PROBLEMAS \n\nSIN RIESGOS A REPORTES CUENTAS O ALGO EQUIPO NUEVO \n\nDebido a mi trabajo tengo acceso a diversos almacenes de los cuales obtengo precio de remate para diversos articulos.\nEstufa , campana , electrodomesticos , muebles , dispensador , lavadora , secadora , pantallas , monitores ,  refrigerador , congelador etc.\n\nExcelente Duración de la Batería Durante Todo el Día\n\nLa batería de 5000 mAh (típica) de HONOR 9A te permite navegar por la web y ver videos durante horas sin preocuparte por quedarte sin energía. Y si estás fuera de casa y te queda el 5% de batería, simplemente cambia al modo de ahorro de energía ultra y podrás continuar por otras 12 horas\n\nHONOR 9A también cuenta con carga inversa, por lo que con un cable OTG, puede cargar otros dispositivos.\n\nHermosa pantalla de 6.3 pulgadas\n\nConoce la nueva pantalla 20: 9 con una espectacular relación pantalla-cuerpo del 88,4% 4. Ya sea que estés jugando o leyendo un libro, la experiencia es inmersiva y agradable. \n\nHONOR 9A incluso tiene un filtro de luz azul y así optimizar la comodidad de los ojos.\n\nPasa de 0 a Fiesta en Segundos\n\n¿Crees que un teléfono inteligente no puede producir un audio impresionante? Piensa otra vez. Mejorado por el sistema de sonido Smart PA, HONOR 9A ofrece hasta 88 dB5 de un sonido brillante excepcional.\n\nPero la buena música se comparte mejor, por eso HONOR 9A tiene Modo Fiesta6. Puede dividir los canales de audio en varios teléfonos para que todos puedan disfrutar de un sonido envolvente.\n\nEscáner de huellas dactilares y Desbloqueo facial\n\nDesbloquea HONOR 9A con una sola mirada7 incluso en la oscuridad, simplemente levantando el teléfono. También tenemos un escáner de huellas dactilares integrado para que pueda realizar el pago de manera segura y eficiente.\n\nMás espacio para tus fotos favoritas\n\nPor primera vez, puedes almacenar \nhasta 11.000 fotografías o 197 episodios de tu programa favorito\n","category":{"code":"5041","icon":"http://www.segundamano.mx/img/nga/computadoras_y_electronica.png","color":"8ECBCD","label":"Telefonía","parent":{"code":"5040","label":"Celulares y teléfonos","parent":{"code":"5000","label":"Computación y electrónica"}}},"list_time":{"label":"18 Dec 21 14:51 CST","value":1639860699},"ad_details":{},"ad_id":"/private/accounts/4953723/ads/72961986","company_ad":true,"paid":false,"phone_hidden":true,"type":{"code":"s","label":"Vendo"},"payment_and_delivery":1,"ship_addr_id":"09ab7386-19a9-11ec-9c54-5baf91669952"},"labelmap":{"area":"Colonia","body":"Descripción del anuncio","category":"Categoría","images":"Foto principal","locations":"Estado","municipality":"Delegación","phone_brand":"Marca","prices":"Precio","subject":"Título","type":"Tipo de anuncio","user":"Nombre"}},{"ad":{"list_id":"/public/ads/937474492","list_price":{"currency":"MXN","label":"$ 2,300","price_value":2300},"prices":[{"currency":"MXN","label":"$ 2,300","price_value":2300}],"share_link":"https://www.segundamano.mx/anuncios/ciudad-de-mexico/benito-juarez/celulares/samsung-a20-nuevo-en-caja-937474492","subject":"Samsung A20 nuevo en caja!!!","thumbnail":{"path":"79/7901524818.jpg","base_url":"http://img.segundamano.mx"},"images":[{"path":"79/7901524818.jpg","base_url":"http://img.segundamano.mx"},{"path":"79/7935618094.jpg","base_url":"http://img.segundamano.mx"},{"path":"79/7952664732.jpg","base_url":"http://img.segundamano.mx"},{"path":"79/7927094775.jpg","base_url":"http://img.segundamano.mx"},{"path":"79/7986758008.jpg","base_url":"http://img.segundamano.mx"},{"path":"79/7969711370.jpg","base_url":"http://img.segundamano.mx"},{"path":"79/7995281327.jpg","base_url":"http://img.segundamano.mx"}],"user":{"account":{"name":"EdBenavente","since":"2013-10-27 15:13:56.734692","user_uuid":"3f0960f3-2eb0-4347-8eae-b72414274fea"}},"locations":[{"code":"11","key":"region","label":"Ciudad de México","locations":[{"code":"292","key":"municipality","label":"Benito Juárez","locations":[{"code":"7502","key":"area","label":"Álamos"}]}]}],"body":"Libre para cualquier compañía\nEstetica de 10\nSin fallas sin detalles\nNuevo en caja con todos sus accesorios\nTodo funciona perfectamente \n32 gb ROM\nCheca sin compromiso, cualquier prueba que gustes hacerle...\nSOLO VENTA!!!\n","category":{"code":"5041","icon":"http://www.segundamano.mx/img/nga/computadoras_y_electronica.png","color":"8ECBCD","label":"Telefonía","parent":{"code":"5040","label":"Celulares y teléfonos","parent":{"code":"5000","label":"Computación y electrónica"}}},"list_time":{"label":"18 Dec 21 14:46 CST","value":1639860377},"ad_details":{"phone_brand":{"single":{"code":"15","label":"Samsung"}}},"ad_id":"/private/accounts/3166713/ads/72961947","company_ad":true,"paid":false,"phone_hidden":true,"type":{"code":"s","label":"Vendo"}},"labelmap":{"area":"Colonia","body":"Descripción del anuncio","category":"Categoría","images":"Foto principal","locations":"Estado","municipality":"Delegación","phone_brand":"Marca","prices":"Precio","subject":"Título","type":"Tipo de anuncio","user":"Nombre"}},{"ad":{"list_id":"/public/ads/937474345","list_price":{"currency":"MXN","label":"$ 2,000","price_value":2000},"prices":[{"currency":"MXN","label":"$ 2,000","price_value":2000}],"share_link":"https://www.segundamano.mx/anuncios/ciudad-de-mexico/iztapalapa/celulares/huawei-y7p-937474345","subject":"Huawei Y7p ","thumbnail":{"path":"79/7938852749.jpg","base_url":"http://img.segundamano.mx"},"images":[{"path":"79/7938852749.jpg","base_url":"http://img.segundamano.mx"},{"path":"79/7920122276.jpg","base_url":"http://img.segundamano.mx"},{"path":"79/7973542018.jpg","base_url":"http://img.segundamano.mx"},{"path":"79/7999111975.jpg","base_url":"http://img.segundamano.mx"},{"path":"79/7924681932.jpg","base_url":"http://img.segundamano.mx"}],"user":{"account":{"name":"Luna","since":"2017-02-01 14:32:04.0552","user_uuid":"96f884b1-b64b-4344-bc4e-cb393f628c3a"}},"locations":[{"code":"11","key":"region","label":"Ciudad de México","locations":[{"code":"298","key":"municipality","label":"Iztapalapa","locations":[{"code":"7854","key":"area","label":"Escuadrón 201"}]}]}],"body":"huawei y7p nativo telcel 4gb ram y 64 interna 3 camara la principal de 48 mpx. funcionando al 100.\nCambio por psp con diferencia a mi favor en efectivo se trata el precio.\n","category":{"code":"5041","icon":"http://www.segundamano.mx/img/nga/computadoras_y_electronica.png","color":"8ECBCD","label":"Telefonía","parent":{"code":"5040","label":"Celulares y teléfonos","parent":{"code":"5000","label":"Computación y electrónica"}}},"list_time":{"label":"18 Dec 21 14:00 CST","value":1639857652},"ad_details":{"phone_brand":{"single":{"code":"7","label":"Huawei"}}},"ad_id":"/private/accounts/7195207/ads/72961773","company_ad":true,"paid":false,"phone_hidden":true,"type":{"code":"s","label":"Vendo"}},"labelmap":{"area":"Colonia","body":"Descripción del anuncio","category":"Categoría","images":"Foto principal","locations":"Estado","municipality":"Delegación","phone_brand":"Marca","prices":"Precio","subject":"Título","type":"Tipo de anuncio","user":"Nombre"}},{"ad":{"list_id":"/public/ads/937474301","list_price":{"currency":"MXN","label":"$ 2,000","price_value":2000},"prices":[{"currency":"MXN","label":"$ 2,000","price_value":2000}],"share_link":"https://www.segundamano.mx/anuncios/ciudad-de-mexico/coyoacan/celulares/huawei-y8s-liberado-super-precio-937474301","subject":"HUAWEI Y8s *LIBERADO* SUPER PRECIO$$$","thumbnail":{"path":"79/7979681365.jpg","base_url":"http://img.segundamano.mx"},"images":[{"path":"79/7979681365.jpg","base_url":"http://img.segundamano.mx"},{"path":"79/7971158046.jpg","base_url":"http://img.segundamano.mx"},{"path":"79/7947867917.jpg","base_url":"http://img.segundamano.mx"},{"path":"79/7907531150.jpg","base_url":"http://img.segundamano.mx"}],"user":{"account":{"name":"Lisset","since":"2021-11-25 21:25:05.711387","user_uuid":"cd07220e-bc77-496c-829f-7c2a881de1ed"}},"locations":[{"code":"11","key":"region","label":"Ciudad de México","locations":[{"code":"293","key":"municipality","label":"Coyoacán","locations":[{"code":"119478","key":"area","label":"Copilco"}]}]}],"body":"Vendo Huawei 8Ys en excelentes condiciones.\nIMPORTANTE: LIBERADO PARA CUALQUIER COMPAÑÍA\n\nCondiciones: Seminuevo HUAWEI Y8s en buen estado, muy poco uso.\n\nCapacidad: 64 GB\n\nIncluye: cargador.\n\nUbicación: sólo puedo entregar en metro CU o metro Copilco.\n\n\n","category":{"code":"5041","icon":"http://www.segundamano.mx/img/nga/computadoras_y_electronica.png","color":"8ECBCD","label":"Telefonía","parent":{"code":"5040","label":"Celulares y teléfonos","parent":{"code":"5000","label":"Computación y electrónica"}}},"list_time":{"label":"18 Dec 21 13:49 CST","value":1639856980},"ad_details":{"phone_brand":{"single":{"code":"7","label":"Huawei"}}},"ad_id":"/private/accounts/11494666/ads/72961720","company_ad":false,"paid":false,"phone_hidden":true,"type":{"code":"s","label":"Vendo"}},"labelmap":{"area":"Colonia","body":"Descripción del anuncio","category":"Categoría","images":"Foto principal","locations":"Estado","municipality":"Delegación","phone_brand":"Marca","prices":"Precio","subject":"Título","type":"Tipo de anuncio","user":"Nombre"}},{"ad":{"list_id":"/public/ads/937474228","list_price":{"currency":"MXN","label":"$ 3,500","price_value":3500},"prices":[{"currency":"MXN","label":"$ 3,500","price_value":3500}],"share_link":"https://www.segundamano.mx/anuncios/ciudad-de-mexico/tlahuac/celulares/huawei-y8s-937474228","subject":"Huawei Y8s","thumbnail":{"path":"79/7989576087.jpg","base_url":"http://img.segundamano.mx"},"images":[{"path":"79/7989576087.jpg","base_url":"http://img.segundamano.mx"},{"path":"79/7955482811.jpg","base_url":"http://img.segundamano.mx"},{"path":"79/7972529449.jpg","base_url":"http://img.segundamano.mx"}],"user":{"account":{"name":"Irving DJ Miramon ","since":"2017-02-22 02:06:36.846282","user_uuid":"a82c1fe2-902f-4c68-bd2e-828a4cc4f63f"}},"locations":[{"code":"11","key":"region","label":"Ciudad de México","locations":[{"code":"302","key":"municipality","label":"Tláhuac","locations":[{"code":"8184","key":"area","label":"La Conchita Zapotitlán"}]}]}],"body":"se vende Huawei Y8 s estética de 10 sin detalles R\n","category":{"code":"5041","icon":"http://www.segundamano.mx/img/nga/computadoras_y_electronica.png","color":"8ECBCD","label":"Telefonía","parent":{"code":"5040","label":"Celulares y teléfonos","parent":{"code":"5000","label":"Computación y electrónica"}}},"list_time":{"label":"18 Dec 21 13:35 CST","value":1639856115},"ad_details":{"phone_brand":{"single":{"code":"7","label":"Huawei"}}},"ad_id":"/private/accounts/7273924/ads/72961633","company_ad":false,"paid":false,"phone_hidden":true,"type":{"code":"s","label":"Vendo"}},"labelmap":{"area":"Colonia","body":"Descripción del anuncio","category":"Categoría","images":"Foto principal","locations":"Estado","municipality":"Delegación","phone_brand":"Marca","prices":"Precio","subject":"Título","type":"Tipo de anuncio","user":"Nombre"}},{"ad":{"list_id":"/public/ads/937474074","list_price":{"currency":"MXN","label":"$ 2,300","price_value":2300},"prices":[{"currency":"MXN","label":"$ 2,300","price_value":2300}],"share_link":"https://www.segundamano.mx/anuncios/ciudad-de-mexico/venustiano-carranza/celulares/motog-8-plus-937474074","subject":"motog 8 plus ","thumbnail":{"path":"79/7923223916.jpg","base_url":"http://img.segundamano.mx"},"images":[{"path":"79/7923223916.jpg","base_url":"http://img.segundamano.mx"},{"path":"79/7948793873.jpg","base_url":"http://img.segundamano.mx"},{"path":"79/7940270554.jpg","base_url":"http://img.segundamano.mx"},{"path":"79/7931747235.jpg","base_url":"http://img.segundamano.mx"},{"path":"79/7957317192.jpg","base_url":"http://img.segundamano.mx"}],"user":{"account":{"name":"pablojph7901","since":"2021-10-19 12:10:09.709568","user_uuid":"751c30c0-d990-4d48-9944-e9e471329c10"}},"locations":[{"code":"11","key":"region","label":"Ciudad de México","locations":[{"code":"304","key":"municipality","label":"Venustiano Carranza","locations":[{"code":"8379","key":"area","label":"Caracol"}]}]}],"body":"Almacenamiento\n\n64 GB\n\nProcesador\n\nSnapdragon 665\n\nMemória RAM\n\n4 GB\n\nSistema Operativo\n\nAndroid 9.0 (Pie)\n\nPantalla\n\nTamaño de Pantalla\n\n6.3\n\nBatería\n\nBatería\n\n4,500 mAh\n\nTipo de cargador:\n\nTurbo cargador\n\nSensores\n\nAcelerómetro, Proximidad, Giroscopio, Magnetómetro, Luz ambiental, Impresión digital\n\nDiseño\n\nPeso\n\n188 g\n\nDimensiones\n\nAncho 75.8 mm, Largo 158.4 mm, Profundidad 9.1 mm\n\nEntradas\n\nUSB-C, entrada de audífonos de 3.5 mm\n\nCamara\n\nCámara Frontal\n\n25 MP\n\nCámara Trasera\n\n48MP (QUAD PIXEL)* + 5 MP (PROF) + 16 MP (WIDE) + Tof\n\n\n","category":{"code":"5041","icon":"http://www.segundamano.mx/img/nga/computadoras_y_electronica.png","color":"8ECBCD","label":"Telefonía","parent":{"code":"5040","label":"Celulares y teléfonos","parent":{"code":"5000","label":"Computación y electrónica"}}},"list_time":{"label":"18 Dec 21 13:04 CST","value":1639854240},"ad_details":{"phone_brand":{"single":{"code":"12","label":"Motorola"}}},"ad_id":"/private/accounts/11425152/ads/72961462","company_ad":false,"paid":false,"phone_hidden":true,"type":{"code":"s","label":"Vendo"}},"labelmap":{"area":"Colonia","body":"Descripción del anuncio","category":"Categoría","images":"Foto principal","locations":"Estado","municipality":"Delegación","phone_brand":"Marca","prices":"Precio","subject":"Título","type":"Tipo de anuncio","user":"Nombre"}},{"ad":{"list_id":"/public/ads/937474015","list_price":{"currency":"MXN","label":"$ 3,200","price_value":3200},"prices":[{"currency":"MXN","label":"$ 3,200","price_value":3200}],"share_link":"https://www.segundamano.mx/anuncios/ciudad-de-mexico/coyoacan/celulares/xiaomi-redmi-note-9-dual-sim-libre-128-4gb-ram-937474015","subject":"Xiaomi redmi note 9.. Dual SIM libre. 128/4gb ram","thumbnail":{"path":"79/7942521511.jpg","base_url":"http://img.segundamano.mx"},"images":[{"path":"79/7942521511.jpg","base_url":"http://img.segundamano.mx"},{"path":"79/7968091468.jpg","base_url":"http://img.segundamano.mx"},{"path":"79/7986225948.jpg","base_url":"http://img.segundamano.mx"},{"path":"79/7982262285.jpg","base_url":"http://img.segundamano.mx"},{"path":"79/7961251984.jpg","base_url":"http://img.segundamano.mx"},{"path":"79/7924878880.jpg","base_url":"http://img.segundamano.mx"},{"path":"79/7944801339.jpg","base_url":"http://img.segundamano.mx"},{"path":"79/7969179310.jpg","base_url":"http://img.segundamano.mx"},{"path":"79/7933998192.jpg","base_url":"http://img.segundamano.mx"}],"user":{"account":{"name":"alfred22mendoza","since":"2018-02-20 01:01:47.059793","user_uuid":"d6d9d259-aee9-4c00-9b96-fa4a92545b51"}},"locations":[{"code":"11","key":"region","label":"Ciudad de México","locations":[{"code":"293","key":"municipality","label":"Coyoacán","locations":[{"code":"40923","key":"area","label":"Culhuacán CTM Sección V"}]}]}],"body":"Venta o cambio\nXiaomi redmi note 9\nDual SIM liberado\n128gb \n4gb ram\nHuella trasera\nDesbloqueo facial\nPantalla ips fullHD+\nCamara trasera:\n48MP + 8MP + 2MP + 2MP\nCamara frontal:\n13 MP\nBatería 5020 mAh\nEntrego solo equipo\nSin cuentas ni reportes\nEntrego punto a convenir.. \n","category":{"code":"5041","icon":"http://www.segundamano.mx/img/nga/computadoras_y_electronica.png","color":"8ECBCD","label":"Telefonía","parent":{"code":"5040","label":"Celulares y teléfonos","parent":{"code":"5000","label":"Computación y electrónica"}}},"list_time":{"label":"18 Dec 21 12:57 CST","value":1639853822},"ad_details":{"phone_brand":{"single":{"code":"20","label":"Xiaomi"}}},"ad_id":"/private/accounts/8672298/ads/72961396","company_ad":true,"paid":false,"phone_hidden":true,"type":{"code":"s","label":"Vendo"}},"labelmap":{"area":"Colonia","body":"Descripción del anuncio","category":"Categoría","images":"Foto principal","locations":"Estado","municipality":"Delegación","phone_brand":"Marca","prices":"Precio","subject":"Título","type":"Tipo de anuncio","user":"Nombre"}},{"ad":{"list_id":"/public/ads/937473885","list_price":{"currency":"MXN","label":"$ 2,200","price_value":2200,"old_price":{"label":"$ 1,800","price_value":1800}},"prices":[{"currency":"MXN","label":"$ 2,200","price_value":2200,"old_price":{"label":"$ 1,800","price_value":1800}}],"share_link":"https://www.segundamano.mx/anuncios/ciudad-de-mexico/gustavo-a-madero/celulares/moto-g8-power-lite-937473885","subject":"Moto g8 power lite","thumbnail":{"path":"79/7953475204.jpg","base_url":"http://img.segundamano.mx"},"images":[{"path":"79/7953475204.jpg","base_url":"http://img.segundamano.mx"},{"path":"79/7979045161.jpg","base_url":"http://img.segundamano.mx"},{"path":"79/7987568480.jpg","base_url":"http://img.segundamano.mx"},{"path":"79/7961998523.jpg","base_url":"http://img.segundamano.mx"},{"path":"79/7970521842.jpg","base_url":"http://img.segundamano.mx"}],"user":{"account":{"name":"Gustavo Diaz","since":"2020-06-13 22:32:02.541051","user_uuid":"f3c6c723-be88-4a64-bf74-ab50a326636f"}},"locations":[{"code":"11","key":"region","label":"Ciudad de México","locations":[{"code":"296","key":"municipality","label":"Gustavo A. Madero","locations":[{"code":"7747","key":"area","label":"Aragón Inguarán"}]}]}],"body":"Teléfono moto g8 power lite con 1 año de uso, libre para cualquier compañía, entregó con su caja y cargadores originales","category":{"code":"5041","icon":"http://www.segundamano.mx/img/nga/computadoras_y_electronica.png","color":"8ECBCD","label":"Telefonía","parent":{"code":"5040","label":"Celulares y teléfonos","parent":{"code":"5000","label":"Computación y electrónica"}}},"list_time":{"label":"18 Dec 21 12:38 CST","value":1639852714},"ad_details":{"phone_brand":{"single":{"code":"12","label":"Motorola"}}},"ad_id":"/private/accounts/10690746/ads/72961258","company_ad":false,"paid":false,"phone_hidden":true,"type":{"code":"s","label":"Vendo"},"payment_and_delivery":1,"ship_addr_id":"c6d30540-1fef-11ec-89de-a75a93695d56"},"labelmap":{"area":"Colonia","body":"Descripción del anuncio","category":"Categoría","images":"Foto principal","locations":"Estado","municipality":"Delegación","phone_brand":"Marca","prices":"Precio","subject":"Título","type":"Tipo de anuncio","user":"Nombre"}},{"ad":{"list_id":"/public/ads/937473586","list_price":{"currency":"MXN","label":"$ 2,490","price_value":2490},"prices":[{"currency":"MXN","label":"$ 2,490","price_value":2490}],"share_link":"https://www.segundamano.mx/anuncios/ciudad-de-mexico/alvaro-obregon/celulares/huawei-y9-prime-4ram-128gb-libre-937473586","subject":"Huawei Y9 Prime - 4ram 128gb Libre ","thumbnail":{"path":"79/7994842071.jpg","base_url":"http://img.segundamano.mx"},"images":[{"path":"79/7994842071.jpg","base_url":"http://img.segundamano.mx"},{"path":"79/7903365390.jpg","base_url":"http://img.segundamano.mx"},{"path":"79/7920412028.jpg","base_url":"http://img.segundamano.mx"},{"path":"79/7928935347.jpg","base_url":"http://img.segundamano.mx"},{"path":"79/7937458666.jpg","base_url":"http://img.segundamano.mx"}],"user":{"account":{"name":"gerardo2020uam","since":"2021-10-17 12:58:51.807092","user_uuid":"9c9903bd-1d86-406a-b592-0e819f4dc0db"}},"locations":[{"code":"11","key":"region","label":"Ciudad de México","locations":[{"code":"290","key":"municipality","label":"Álvaro Obregón","locations":[{"code":"40883","key":"area","label":"Hidalgo"}]}]}],"body":"Venta, solo cambio por iPad 6 o iPad 7.\n\nCelular Huawei Y9 Prime\nEstetica de 9 exigente, todo le sirve, cualquier prueba.\n\n4ram y 128gb internos, libre para cualquier compañía, pantalla 6.5 pulg FullHD, Camara 32 mpx, giroscopio, wifi, altavoz, etc...etc...\n\nMas fotos y informes contactame por este medio o por wtsapp 55.-.11.-.83.-.15.-.91\n\nENTREGA gratis en cualquier estación del metro, es cosa de acordar y zona Chimalhuacan y municipios cercanos.\n\n\n","category":{"code":"5041","icon":"http://www.segundamano.mx/img/nga/computadoras_y_electronica.png","color":"8ECBCD","label":"Telefonía","parent":{"code":"5040","label":"Celulares y teléfonos","parent":{"code":"5000","label":"Computación y electrónica"}}},"list_time":{"label":"18 Dec 21 11:56 CST","value":1639850185},"ad_details":{"phone_brand":{"single":{"code":"7","label":"Huawei"}}},"ad_id":"/private/accounts/11421914/ads/72960933","company_ad":true,"paid":false,"phone_hidden":true,"type":{"code":"s","label":"Vendo"}},"labelmap":{"area":"Colonia","body":"Descripción del anuncio","category":"Categoría","images":"Foto principal","locations":"Estado","municipality":"Delegación","phone_brand":"Marca","prices":"Precio","subject":"Título","type":"Tipo de anuncio","user":"Nombre"}},{"ad":{"list_id":"/public/ads/937473560","list_price":{"currency":"MXN","label":"$ 2,600","price_value":2600},"prices":[{"currency":"MXN","label":"$ 2,600","price_value":2600}],"share_link":"https://www.segundamano.mx/anuncios/ciudad-de-mexico/iztapalapa/celulares/huawei-wacht-gt-2-937473560","subject":"huawei wacht gt 2","thumbnail":{"path":"79/7900489569.jpg","base_url":"http://img.segundamano.mx"},"images":[{"path":"79/7900489569.jpg","base_url":"http://img.segundamano.mx"}],"user":{"account":{"name":"edgarallanpena147","since":"2019-05-11 18:30:31.882603","user_uuid":"8b8469ac-f853-4f00-9465-ce378b163588"}},"locations":[{"code":"11","key":"region","label":"Ciudad de México","locations":[{"code":"298","key":"municipality","label":"Iztapalapa","locations":[{"code":"140688","key":"area","label":"Reclusorio Oriente"}]}]}],"body":"que tal,pongo a la venta el reloj huawei gt 2 totalmente nuevo!!! puedo mostrar su factura, viene en caja,cables empaquetados es original ,no cambio no acepto transferencias ni que manden a nadie solo efectivo\n","category":{"code":"5041","icon":"http://www.segundamano.mx/img/nga/computadoras_y_electronica.png","color":"8ECBCD","label":"Telefonía","parent":{"code":"5040","label":"Celulares y teléfonos","parent":{"code":"5000","label":"Computación y electrónica"}}},"list_time":{"label":"18 Dec 21 11:53 CST","value":1639849998},"ad_details":{"phone_brand":{"single":{"code":"7","label":"Huawei"}}},"ad_id":"/private/accounts/10064397/ads/72960905","company_ad":true,"paid":false,"phone_hidden":true,"type":{"code":"s","label":"Vendo"}},"labelmap":{"area":"Colonia","body":"Descripción del anuncio","category":"Categoría","images":"Foto principal","locations":"Estado","municipality":"Delegación","phone_brand":"Marca","prices":"Precio","subject":"Título","type":"Tipo de anuncio","user":"Nombre"}},{"ad":{"list_id":"/public/ads/937473403","list_price":{"currency":"MXN","label":"$ 2,700","price_value":2700},"prices":[{"currency":"MXN","label":"$ 2,700","price_value":2700}],"share_link":"https://www.segundamano.mx/anuncios/ciudad-de-mexico/tlahuac/celulares/iphone-7-de-32-gb-937473403","subject":"iphone 7 de 32 GB ","thumbnail":{"path":"79/7941677019.jpg","base_url":"http://img.segundamano.mx"},"images":[{"path":"79/7941677019.jpg","base_url":"http://img.segundamano.mx"},{"path":"79/7924630381.jpg","base_url":"http://img.segundamano.mx"},{"path":"79/7933153700.jpg","base_url":"http://img.segundamano.mx"},{"path":"79/7967246976.jpg","base_url":"http://img.segundamano.mx"}],"user":{"account":{"name":"merag1960","since":"2017-04-16 13:55:57.386586","user_uuid":"1138a40d-0e0e-4217-812e-a343dc550490"}},"locations":[{"code":"11","key":"region","label":"Ciudad de México","locations":[{"code":"302","key":"municipality","label":"Tláhuac","locations":[{"code":"8187","key":"area","label":"La Nopalera"}]}]}],"body":"Iphone 7 de 32 GB \nCompañía Liberado\nEstética 8\nBatería 83\nEntrego equipo con su cargador \nSólo efectivo, no cambios\n","category":{"code":"5041","icon":"http://www.segundamano.mx/img/nga/computadoras_y_electronica.png","color":"8ECBCD","label":"Telefonía","parent":{"code":"5040","label":"Celulares y teléfonos","parent":{"code":"5000","label":"Computación y electrónica"}}},"list_time":{"label":"18 Dec 21 11:20 CST","value":1639848014},"ad_details":{"phone_brand":{"single":{"code":"2","label":"Apple"}}},"ad_id":"/private/accounts/7472060/ads/72960728","company_ad":true,"paid":false,"phone_hidden":true,"type":{"code":"s","label":"Vendo"}},"labelmap":{"area":"Colonia","body":"Descripción del anuncio","category":"Categoría","images":"Foto principal","locations":"Estado","municipality":"Delegación","phone_brand":"Marca","prices":"Precio","subject":"Título","type":"Tipo de anuncio","user":"Nombre"}},{"ad":{"list_id":"/public/ads/937408449","list_price":{"currency":"MXN","label":"$ 3,000","price_value":3000},"prices":[{"currency":"MXN","label":"$ 3,000","price_value":3000}],"share_link":"https://www.segundamano.mx/anuncios/ciudad-de-mexico/cuauhtemoc/celulares/tcl-20-se-nuevo-cerrado-en-su-caja-937408449","subject":"TCL 20 SE NUEVO-Cerrado en su caja","thumbnail":{"path":"68/6831783949.jpg","base_url":"http://img.segundamano.mx"},"images":[{"path":"68/6831783949.jpg","base_url":"http://img.segundamano.mx"},{"path":"68/6827820286.jpg","base_url":"http://img.segundamano.mx"},{"path":"68/6882923863.jpg","base_url":"http://img.segundamano.mx"}],"user":{"account":{"name":"María del Carmen Arechival","since":"2021-09-19 13:51:21.274606","user_uuid":"374f81c6-6f32-406f-bc2d-91d583001eae"}},"locations":[{"code":"11","key":"region","label":"Ciudad de México","locations":[{"code":"295","key":"municipality","label":"Cuauhtémoc","locations":[{"code":"7669","key":"area","label":"Juárez"}]}]}],"body":"TCL 20 SE Nuevo cerrado.\nPantalla HDR de 6.82 pulgadas\n128 GB ROM / 4GB RAM\nDoble altavoz\nGran rendimiento gracias a su batería de 5000 mAh\n4 cámaras con inteligencia artificial\nProcesador Qualcom de 8 núcleos\nTecnología exclusiva NXTVISION\nAndroid 11\n\nTransacción en persona, no acepto transferencias bancarias ni pagos en tiendas de conveniencia, ni mensajeros \nde Uber, Lyft o cualquier otro servicio","category":{"code":"5041","icon":"http://www.segundamano.mx/img/nga/computadoras_y_electronica.png","color":"8ECBCD","label":"Telefonía","parent":{"code":"5040","label":"Celulares y teléfonos","parent":{"code":"5000","label":"Computación y electrónica"}}},"list_time":{"label":"18 Dec 21 11:14 CST","value":1639847661},"ad_details":{"phone_brand":{"single":{"code":"18","label":"Otra"}}},"ad_id":"/private/accounts/11387787/ads/72887169","company_ad":false,"paid":false,"phone_hidden":true,"type":{"code":"s","label":"Vendo"}},"labelmap":{"area":"Colonia","body":"Descripción del anuncio","category":"Categoría","images":"Foto principal","locations":"Estado","municipality":"Delegación","phone_brand":"Marca","prices":"Precio","subject":"Título","type":"Tipo de anuncio","user":"Nombre"}},{"ad":{"list_id":"/public/ads/937473319","list_price":{"currency":"MXN","label":"$ 2,300","price_value":2300},"prices":[{"currency":"MXN","label":"$ 2,300","price_value":2300}],"share_link":"https://www.segundamano.mx/anuncios/ciudad-de-mexico/benito-juarez/celulares/samsung-m20-excelente-para-hoy-937473319","subject":"Samsung M20 excelente para hoy!!!","thumbnail":{"path":"79/7911692803.jpg","base_url":"http://img.segundamano.mx"},"images":[{"path":"79/7911692803.jpg","base_url":"http://img.segundamano.mx"},{"path":"79/7937262760.jpg","base_url":"http://img.segundamano.mx"}],"user":{"account":{"name":"eduardo","since":"2015-12-09 15:56:25.516325","user_uuid":"a311160f-2f9a-4260-9456-f03155192408"}},"locations":[{"code":"11","key":"region","label":"Ciudad de México","locations":[{"code":"292","key":"municipality","label":"Benito Juárez","locations":[{"code":"7502","key":"area","label":"Álamos"}]}]}],"body":"es de 32Gb 4 en RAM cámara dual entrego caja y cargador  trae mica protectora y su funda para un mejor cuidado trae para huella esta en excelente condición  sin fallas de nada yo soy el único dueño esta liberado  para cualquier compañía es telcel a un excelente precio contesto Watts gente interesada. \n","category":{"code":"5041","icon":"http://www.segundamano.mx/img/nga/computadoras_y_electronica.png","color":"8ECBCD","label":"Telefonía","parent":{"code":"5040","label":"Celulares y teléfonos","parent":{"code":"5000","label":"Computación y electrónica"}}},"list_time":{"label":"18 Dec 21 11:02 CST","value":1639846939},"ad_details":{"phone_brand":{"single":{"code":"15","label":"Samsung"}}},"ad_id":"/private/accounts/5583784/ads/72959762","company_ad":true,"paid":false,"phone_hidden":true,"type":{"code":"s","label":"Vendo"}},"labelmap":{"area":"Colonia","body":"Descripción del anuncio","category":"Categoría","images":"Foto principal","locations":"Estado","municipality":"Delegación","phone_brand":"Marca","prices":"Precio","subject":"Título","type":"Tipo de anuncio","user":"Nombre"}},{"ad":{"list_id":"/public/ads/937473237","list_price":{"currency":"MXN","label":"$ 2,000","price_value":2000},"prices":[{"currency":"MXN","label":"$ 2,000","price_value":2000}],"share_link":"https://www.segundamano.mx/anuncios/ciudad-de-mexico/tlahuac/celulares/samsung-j6-2-32-937473237","subject":"SAMSUNG J6 2/32 ","thumbnail":{"path":"79/7988407823.jpg","base_url":"http://img.segundamano.mx"},"images":[{"path":"79/7988407823.jpg","base_url":"http://img.segundamano.mx"},{"path":"79/7996931142.jpg","base_url":"http://img.segundamano.mx"},{"path":"79/7922501099.jpg","base_url":"http://img.segundamano.mx"},{"path":"79/7913977780.jpg","base_url":"http://img.segundamano.mx"},{"path":"79/7905454461.jpg","base_url":"http://img.segundamano.mx"}],"user":{"account":{"name":"Angel Hernandez","since":"2013-07-11 13:11:30.876627","user_uuid":"fec67efa-085c-425c-b09c-7f64719d2eac"}},"locations":[{"code":"11","key":"region","label":"Ciudad de México","locations":[{"code":"302","key":"municipality","label":"Tláhuac","locations":[{"code":"8187","key":"area","label":"La Nopalera"}]}]}],"body":"DISEÑO\n\n149.3 x 70.2 x 8.2 mm\n154 g\nLector de huellas trasero\n\nPANTALLA\n\nSuper AMOLED 5.6 pulgadas\n18.5:9 hd+ (1.480 X 720)\n\nPROCESADOR\n\nExynos 7870 octa-core 14 nm\nGPU Mali T830\n\nRAM\n\n2 GB\n\nCAPACIDAD\n\n32 GB\n\nSOFTWARE\n\nAndroid 8.0 Oreo actualizable a Android 10\n\nCÁMARA TRASERA\n\n13 MP, flash LED, f/1.9\n\nCÁMARA FRONTAL\n\n8 MP, flash LED, f/1.9\n\nCONECTIVIDAD\n\nLTE, WiFi, Bluetooth 4.2. GPS, radio FM, minijack, MicroUSB\n\nBATERÍA\n\n3.000 mAh\n\n\n","category":{"code":"5041","icon":"http://www.segundamano.mx/img/nga/computadoras_y_electronica.png","color":"8ECBCD","label":"Telefonía","parent":{"code":"5040","label":"Celulares y teléfonos","parent":{"code":"5000","label":"Computación y electrónica"}}},"list_time":{"label":"18 Dec 21 10:44 CST","value":1639845876},"ad_details":{"phone_brand":{"single":{"code":"15","label":"Samsung"}}},"ad_id":"/private/accounts/2926951/ads/72960552","company_ad":true,"paid":false,"phone_hidden":true,"type":{"code":"s","label":"Vendo"}},"labelmap":{"area":"Colonia","body":"Descripción del anuncio","category":"Categoría","images":"Foto principal","locations":"Estado","municipality":"Delegación","phone_brand":"Marca","prices":"Precio","subject":"Título","type":"Tipo de anuncio","user":"Nombre"}},{"ad":{"list_id":"/public/ads/937473035","list_price":{"currency":"MXN","label":"$ 2,800","price_value":2800},"prices":[{"currency":"MXN","label":"$ 2,800","price_value":2800}],"share_link":"https://www.segundamano.mx/anuncios/ciudad-de-mexico/tlalpan/celulares/iphone-11-de-64gb-para-piezas-o-reparar-937473035","subject":"iphone 11 de 64gb para piezas o reparar ","thumbnail":{"path":"79/7934438490.jpg","base_url":"http://img.segundamano.mx"},"images":[{"path":"79/7934438490.jpg","base_url":"http://img.segundamano.mx"},{"path":"79/7925915171.jpg","base_url":"http://img.segundamano.mx"},{"path":"79/7917391852.jpg","base_url":"http://img.segundamano.mx"},{"path":"79/7991821895.jpg","base_url":"http://img.segundamano.mx"},{"path":"79/7908868533.jpg","base_url":"http://img.segundamano.mx"},{"path":"79/7900345214.jpg","base_url":"http://img.segundamano.mx"}],"user":{"account":{"name":"Cristian","since":"2017-06-05 17:02:48.778887","user_uuid":"4ba921b9-2be6-4205-b978-ef1eb3840cc0"}},"locations":[{"code":"11","key":"region","label":"Ciudad de México","locations":[{"code":"303","key":"municipality","label":"Tlalpan","locations":[{"code":"8221","key":"area","label":"Ampliación Fuentes del Pedregal"}]}]}],"body":"Vendo mi cel iPhone 11 de 64gb trae codigo es pra piezas o reparar cualquier prueba posible cambio por iphone iPod Ipad ps vita airpods beats galaxy nintendo switch ps4 xbox one ofreceme y tratamos solo con efectivo \nNO DEPOSITO NI ESTAFADORES \n","category":{"code":"5041","icon":"http://www.segundamano.mx/img/nga/computadoras_y_electronica.png","color":"8ECBCD","label":"Telefonía","parent":{"code":"5040","label":"Celulares y teléfonos","parent":{"code":"5000","label":"Computación y electrónica"}}},"list_time":{"label":"18 Dec 21 09:59 CST","value":1639843152},"ad_details":{"phone_brand":{"single":{"code":"4","label":"Blackberry"}}},"ad_id":"/private/accounts/7659244/ads/72960323","company_ad":true,"paid":false,"phone_hidden":false,"type":{"code":"s","label":"Vendo"}},"labelmap":{"area":"Colonia","body":"Descripción del anuncio","category":"Categoría","images":"Foto principal","locations":"Estado","municipality":"Delegación","phone_brand":"Marca","prices":"Precio","subject":"Título","type":"Tipo de anuncio","user":"Nombre"}},{"ad":{"list_id":"/public/ads/937473017","list_price":{"currency":"MXN","label":"$ 3,500","price_value":3500},"prices":[{"currency":"MXN","label":"$ 3,500","price_value":3500}],"share_link":"https://www.segundamano.mx/anuncios/ciudad-de-mexico/venustiano-carranza/celulares/exelente-telefono-resistente-a-caidas-y-al-agua-937473017","subject":"exelente telefono resistente a caidas y al agua ","thumbnail":{"path":"79/7917287708.jpg","base_url":"http://img.segundamano.mx"},"images":[{"path":"79/7917287708.jpg","base_url":"http://img.segundamano.mx"},{"path":"79/7908764389.jpg","base_url":"http://img.segundamano.mx"},{"path":"79/7991717751.jpg","base_url":"http://img.segundamano.mx"},{"path":"79/7974671113.jpg","base_url":"http://img.segundamano.mx"}],"user":{"account":{"name":"Alberto Torres","since":"2012-07-03 13:38:56.352158","user_uuid":"23af7cfc-cf7d-4483-a2af-2cb62849a6bf"}},"locations":[{"code":"11","key":"region","label":"Ciudad de México","locations":[{"code":"304","key":"municipality","label":"Venustiano Carranza","locations":[{"code":"8388","key":"area","label":"Popular Rastro"}]}]}],"body":"exelente telefono resistente a caidas y al agua 3gb de ram y 32 gb de rom android , el telefono se encuentra en perfecto estado ACEPTO CAMBIOS OFRECE\n","category":{"code":"5041","icon":"http://www.segundamano.mx/img/nga/computadoras_y_electronica.png","color":"8ECBCD","label":"Telefonía","parent":{"code":"5040","label":"Celulares y teléfonos","parent":{"code":"5000","label":"Computación y electrónica"}}},"list_time":{"label":"18 Dec 21 09:54 CST","value":1639842887},"ad_details":{"phone_brand":{"single":{"code":"19","label":"Doogee"}}},"ad_id":"/private/accounts/1216767/ads/72960301","company_ad":true,"paid":false,"phone_hidden":true,"type":{"code":"s","label":"Vendo"},"payment_and_delivery":1,"ship_addr_id":"3802b468-b7e5-11eb-9214-6f793ba3a984"},"labelmap":{"area":"Colonia","body":"Descripción del anuncio","category":"Categoría","images":"Foto principal","locations":"Estado","municipality":"Delegación","phone_brand":"Marca","prices":"Precio","subject":"Título","type":"Tipo de anuncio","user":"Nombre"}},{"ad":{"list_id":"/public/ads/937472842","list_price":{"currency":"MXN","label":"$ 2,599","price_value":2599},"prices":[{"currency":"MXN","label":"$ 2,599","price_value":2599}],"share_link":"https://www.segundamano.mx/anuncios/ciudad-de-mexico/cuauhtemoc/celulares/nuevo-xiaomi-redmi-9-dual-sim-937472842","subject":"NUEVO XIAOMI REDMI 9 DUAL SIM","thumbnail":{"path":"79/7914250001.jpg","base_url":"http://img.segundamano.mx"},"images":[{"path":"79/7914250001.jpg","base_url":"http://img.segundamano.mx"},{"path":"79/7938732116.jpg","base_url":"http://img.segundamano.mx"},{"path":"79/7944975607.jpg","base_url":"http://img.segundamano.mx"},{"path":"79/7922773320.jpg","base_url":"http://img.segundamano.mx"},{"path":"79/7936452288.jpg","base_url":"http://img.segundamano.mx"},{"path":"79/7931296639.jpg","base_url":"http://img.segundamano.mx"},{"path":"79/7905726682.jpg","base_url":"http://img.segundamano.mx"},{"path":"79/7997203363.jpg","base_url":"http://img.segundamano.mx"},{"path":"79/7942099786.jpg","base_url":"http://img.segundamano.mx"},{"path":"79/7990959872.jpg","base_url":"http://img.segundamano.mx"}],"user":{"account":{"name":"Luigi","since":"2016-09-12 13:43:38.662081","user_uuid":"dd8a918e-0633-41dd-8bd0-231087d94ccc"}},"locations":[{"code":"11","key":"region","label":"Ciudad de México","locations":[{"code":"295","key":"municipality","label":"Cuauhtémoc","locations":[{"code":"7662","key":"area","label":"Buenavista"}]}]}],"body":"SI VES EL ANUNCIO AUN LO TENGO MANDA WHATSAPP AL 7296349129 NO CAMBIOS ULTIMO PRECIO YA ES LO MENOS 2599 EN EFECTIVO 3GB DE RAM 32GB CHAROLA CON ESPACIO INDEPENDIENTE PARA DOS CHIPS Y MEMORIA MICRO SD VELOZ OCTACORE DE 2GHZ ESTETICA DE 10 FUNCIONA DE 10 ANDROID 11 DUAL SIM LIBERADOS PARA ABSOLUTAMENTE TODAS LAS COMPAÑIAS  BATERÍA CARGA RAPIDA USB C DE 5000MA DURA DOS DIAS ENTEROS ALTAVOZ LOUD RUIDOSO SOLO LO HE USADO 1 MES DESDE NUEVO ESTA PRACTICAMENTE NUEVO NO TENGO CAJA NI CARGADOR SOLO ENTREGO EQUIPO CON MICA ::::NO INCLUYE FUNDA NI CARGADOR NI ACCESORIOS::::: EL EQUIPO ES BASTANTE POTENTE PUEDES JUGAR CALL OF DUTY A 60FPS SIN NINGUN PROBLEMA  SOY UNICO DUEÑO NO TIENE CUENTAS SE RESTAURA SIN PROBLEMA FELIZ COMPRA!!! FELICES FIESTAS!!!\n","category":{"code":"5041","icon":"http://www.segundamano.mx/img/nga/computadoras_y_electronica.png","color":"8ECBCD","label":"Telefonía","parent":{"code":"5040","label":"Celulares y teléfonos","parent":{"code":"5000","label":"Computación y electrónica"}}},"list_time":{"label":"18 Dec 21 09:19 CST","value":1639840745},"ad_details":{"phone_brand":{"single":{"code":"20","label":"Xiaomi"}}},"ad_id":"/private/accounts/6711704/ads/72960111","company_ad":true,"paid":false,"phone_hidden":true,"type":{"code":"s","label":"Vendo"}},"labelmap":{"area":"Colonia","body":"Descripción del anuncio","category":"Categoría","images":"Foto principal","locations":"Estado","municipality":"Delegación","phone_brand":"Marca","prices":"Precio","subject":"Título","type":"Tipo de anuncio","user":"Nombre"}},{"ad":{"list_id":"/public/ads/937472722","list_price":{"currency":"MXN","label":"$ 2,450","price_value":2450},"prices":[{"currency":"MXN","label":"$ 2,450","price_value":2450}],"share_link":"https://www.segundamano.mx/anuncios/ciudad-de-mexico/azcapotzalco/celulares/bonito-xiaomi-redmi-9-937472722","subject":"Bonito xiaomi redmi 9","thumbnail":{"path":"79/7981574530.jpg","base_url":"http://img.segundamano.mx"},"images":[{"path":"79/7981574530.jpg","base_url":"http://img.segundamano.mx"},{"path":"79/7956004573.jpg","base_url":"http://img.segundamano.mx"},{"path":"79/7973051211.jpg","base_url":"http://img.segundamano.mx"},{"path":"79/7990097849.jpg","base_url":"http://img.segundamano.mx"},{"path":"79/7913387978.jpg","base_url":"http://img.segundamano.mx"},{"path":"79/7964527892.jpg","base_url":"http://img.segundamano.mx"},{"path":"79/7998621168.jpg","base_url":"http://img.segundamano.mx"}],"user":{"account":{"name":"edwin","since":"2017-12-13 15:11:33.824316","user_uuid":"efea149d-6067-42a8-9828-4ee4c450d2f4"}},"locations":[{"code":"11","key":"region","label":"Ciudad de México","locations":[{"code":"291","key":"municipality","label":"Azcapotzalco","locations":[{"code":"7447","key":"area","label":"Liberación"}]}]}],"body":"Vendo mi celular xiaomi redmi 9 cuenta con 4 cámaras trasera y una frontal es de doble sim esta seminuevo es de 32gb y 3 de ram entrego con su caja y cargador original entrego unicamente en metrobus cuitlahuac contesto por este medio y whatsapp 5512282857 \n","category":{"code":"5041","icon":"http://www.segundamano.mx/img/nga/computadoras_y_electronica.png","color":"8ECBCD","label":"Telefonía","parent":{"code":"5040","label":"Celulares y teléfonos","parent":{"code":"5000","label":"Computación y electrónica"}}},"list_time":{"label":"18 Dec 21 09:07 CST","value":1639840027},"ad_details":{"phone_brand":{"single":{"code":"20","label":"Xiaomi"}}},"ad_id":"/private/accounts/8376558/ads/72959990","company_ad":true,"paid":false,"phone_hidden":true,"type":{"code":"s","label":"Vendo"}},"labelmap":{"area":"Colonia","body":"Descripción del anuncio","category":"Categoría","images":"Foto principal","locations":"Estado","municipality":"Delegación","phone_brand":"Marca","prices":"Precio","subject":"Título","type":"Tipo de anuncio","user":"Nombre"}},{"ad":{"list_id":"/public/ads/937472694","list_price":{"currency":"MXN","label":"$ 2,600","price_value":2600,"old_price":{"label":"$ 2,700","price_value":2700}},"prices":[{"currency":"MXN","label":"$ 2,600","price_value":2600,"old_price":{"label":"$ 2,700","price_value":2700}}],"share_link":"https://www.segundamano.mx/anuncios/ciudad-de-mexico/xochimilco/celulares/exelente-oportunidad-xiaomi-not8-937472694","subject":"exelente oportunidad Xiaomi not8 ","thumbnail":{"path":"79/7979578263.jpg","base_url":"http://img.segundamano.mx"},"images":[{"path":"79/7979578263.jpg","base_url":"http://img.segundamano.mx"},{"path":"79/7988101582.jpg","base_url":"http://img.segundamano.mx"},{"path":"79/7994345073.jpg","base_url":"http://img.segundamano.mx"},{"path":"79/7951728478.jpg","base_url":"http://img.segundamano.mx"},{"path":"79/7913671539.jpg","base_url":"http://img.segundamano.mx"},{"path":"79/7928438349.jpg","base_url":"http://img.segundamano.mx"},{"path":"79/7996624901.jpg","base_url":"http://img.segundamano.mx"},{"path":"79/7922194858.jpg","base_url":"http://img.segundamano.mx"},{"path":"79/7930718177.jpg","base_url":"http://img.segundamano.mx"}],"user":{"account":{"name":"Adrián ","since":"2019-04-16 10:34:21.599411","user_uuid":"1ac2d934-b226-402c-a8c0-9fc9ffeef152"}},"locations":[{"code":"11","key":"region","label":"Ciudad de México","locations":[{"code":"305","key":"municipality","label":"Xochimilco","locations":[{"code":"28773","key":"area","label":"Ampliación Tepepan"}]}]}],"body":"padrísimo Xiaomi red mi not8 muy buen teléfono súper completo único dueño muy bien cuiado  estética de 10 súper funcional camara procesador todo al 100 un exelente teléfono cuento con caja instructivo y cargador original \n","category":{"code":"5041","icon":"http://www.segundamano.mx/img/nga/computadoras_y_electronica.png","color":"8ECBCD","label":"Telefonía","parent":{"code":"5040","label":"Celulares y teléfonos","parent":{"code":"5000","label":"Computación y electrónica"}}},"list_time":{"label":"18 Dec 21 09:04 CST","value":1639839855},"ad_details":{"phone_brand":{"single":{"code":"20","label":"Xiaomi"}}},"ad_id":"/private/accounts/10012078/ads/72959962","company_ad":false,"paid":false,"phone_hidden":true,"type":{"code":"s","label":"Vendo"},"price_drop":true},"labelmap":{"area":"Colonia","body":"Descripción del anuncio","category":"Categoría","images":"Foto principal","locations":"Estado","municipality":"Delegación","phone_brand":"Marca","prices":"Precio","subject":"Título","type":"Tipo de anuncio","user":"Nombre"}},{"ad":{"list_id":"/public/ads/937472617","list_price":{"currency":"MXN","label":"$ 2,600","price_value":2600,"old_price":{"label":"$ 2,700","price_value":2700}},"prices":[{"currency":"MXN","label":"$ 2,600","price_value":2600,"old_price":{"label":"$ 2,700","price_value":2700}}],"share_link":"https://www.segundamano.mx/anuncios/ciudad-de-mexico/xochimilco/celulares/exelente-xiaomi-not8-937472617","subject":"exelente Xiaomi not8","thumbnail":{"path":"79/7967241827.jpg","base_url":"http://img.segundamano.mx"},"images":[{"path":"79/7967241827.jpg","base_url":"http://img.segundamano.mx"},{"path":"79/7933148551.jpg","base_url":"http://img.segundamano.mx"},{"path":"79/7924625232.jpg","base_url":"http://img.segundamano.mx"},{"path":"79/7975765146.jpg","base_url":"http://img.segundamano.mx"},{"path":"79/7960998336.jpg","base_url":"http://img.segundamano.mx"},{"path":"79/7907578594.jpg","base_url":"http://img.segundamano.mx"},{"path":"79/7935428379.jpg","base_url":"http://img.segundamano.mx"},{"path":"79/7909858422.jpg","base_url":"http://img.segundamano.mx"},{"path":"79/7952475017.jpg","base_url":"http://img.segundamano.mx"}],"user":{"account":{"name":"Adrián ","since":"2019-04-16 10:34:21.599411","user_uuid":"1ac2d934-b226-402c-a8c0-9fc9ffeef152"}},"locations":[{"code":"11","key":"region","label":"Ciudad de México","locations":[{"code":"305"
[...]
Headers response: Server=nginx
Date=Sat, 18 Dec 2021 22:58:28 GMT
Content-Type=application/json
Vary=Accept-Encoding
X-Frame-Options=DENY
Content-Encoding=gzip
Via=1.1 google
Alt-Svc=clear
Transfer-Encoding=chunked
Request method:	POST
Request URI:	https://webapi.segundamano.mx/nga/api/v1.1/private/accounts?lang=es
Proxy:			<none>
Request params:	<none>
Query params:	lang=es
Form params:	<none>
Path params:	<none>
Headers:		Authorization=Basic ZGFubWdhcGlAbWFpbGluYXRvci5jb206RGFuQXBpcWE=
				Accept=*/*
				Content-Type=application/x-www-form-urlencoded; charset=ISO-8859-1
Cookies:		<none>
Multiparts:		<none>
Body:			<none>
Body response: {"access_token":"mc1xd8efdd9d818da1d0f79ea2eaf4eaeb72c3130d39_v2","account":{"account_id":"/private/accounts/11515171","can_publish":true,"email":"danmgapi@mailinator.com","email_verified":true,"locations":[],"name":"Project intelliJ","phone":"5589562374","phone_hidden":false,"professional":false,"rfc":"","uuid":"cc0eb357-cd82-459e-8550-12eb999ea7bf"},"ad_events":{"24h":{"calls":0,"mails":0,"phone_views":0,"views":0},"7d":{"calls":0,"mails":0,"phone_views":0,"views":0},"total":{"calls":0,"mails":0,"phone_views":0,"views":0}},"token_type":"tag:scmcoord.com,2013:api"}
token: mc1xd8efdd9d818da1d0f79ea2eaf4eaeb72c3130d39_v2
account_id: /private/accounts/11515171
uuid: cc0eb357-cd82-459e-8550-12eb999ea7bf
Request method:	PATCH
Request URI:	https://webapi.segundamano.mx/nga/api/v1%2F%2Fprivate/accounts/11515171
Proxy:			<none>
Request params:	<none>
Query params:	<none>
Form params:	<none>
Path params:	<none>
Headers:		Authorization=tag:scmcoord.com,2013:api mc1xd8efdd9d818da1d0f79ea2eaf4eaeb72c3130d39_v2
				Origin=https://www.segundamano.mx
				Accept=*/*
				Content-Type=application/json
Cookies:		<none>
Multiparts:		<none>
Body:
{
    "account": {
        "name": "Project intelliJ",
        "phone": "5589562374",
        "professional": false
    }
}
Body response: {"account":{"account_id":"/private/accounts/11515171","can_publish":true,"email":"danmgapi@mailinator.com","email_verified":true,"locations":[],"name":"Project intelliJ","phone":"5589562374","phone_hidden":false,"professional":false,"rfc":"","uuid":"cc0eb357-cd82-459e-8550-12eb999ea7bf"}}
Request method:	PATCH
Request URI:	https://webapi.segundamano.mx/nga/api/v1%2F%2Fprivate/accounts/11515171
Proxy:			<none>
Request params:	<none>
Query params:	<none>
Form params:	<none>
Path params:	<none>
Headers:		Authorization=tag:scmcoord.com,2013:api mc1xd8efdd9d818da1d0f79ea2eaf4eaeb72c3130d39_v2
				Origin=https://www.segundamano.mx
				Accept=*/*
				Content-Type=application/json
Cookies:		<none>
Multiparts:		<none>
Body:
{
    {
        "name": "Project intelliJ",
        "phone": "5589562374",
        "professional": false
    }
}
Body response: {"error":{"causes":[{"code":"MISSING_PARAMETERS","field":"account","object":"request_body"}],"code":"VALIDATION_FAILED"}}
Request method:	PATCH
Request URI:	https://webapi.segundamano.mx/nga/api/v1%2F%2Fprivate/accounts/11515171
Proxy:			<none>
Request params:	<none>
Query params:	<none>
Form params:	<none>
Path params:	<none>
Headers:		Authorization=tag:scmcoord.com,2013:api mc1xd8efdd9d818da1d0f79ea2eaf4eaeb72c3130d39_v2
				Origin=https://www.segundamano.mx
				Accept=*/*
				Content-Type=application/json
Cookies:		<none>
Multiparts:		<none>
Body:
{
    "account": {
        "name": "Project intelliJ",
        "phone": "",
        "professional": false
    }
}
Request: {"account":{"name":"Project intelliJ","phone":"","professional":false}}
Body response: {"error":{"causes":[{"code":"ERROR_PHONE_TOO_SHORT","field":"phone","label":"El número de teléfono debe contener al menos 8 dígitos","object":"account"}],"code":"VALIDATION_FAILED"}}
Request method:	GET
Request URI:	https://webapi.segundamano.mx/nga/api/v1/api/users/cc0eb357-cd82-459e-8550-12eb999ea7bf/counter?lang=es
Proxy:			<none>
Request params:	<none>
Query params:	lang=es
Form params:	<none>
Path params:	<none>
Headers:		Authorization=tag:scmcoord.com,2013:api mc1xd8efdd9d818da1d0f79ea2eaf4eaeb72c3130d39_v2
				Accept=*/*
Cookies:		<none>
Multiparts:		<none>
Body:			<none>
Body response: {"unread":0}
Request method:	GET
Request URI:	https://webapi.segundamano.mx/nga/api/v1/api/users/cc0eb357-cd82-459e-8550-12eb999ea7bf/counter?lang=es
Proxy:			<none>
Request params:	<none>
Query params:	lang=es
Form params:	<none>
Path params:	<none>
Headers:		Accept=*/*
Cookies:		<none>
Multiparts:		<none>
Body:			<none>
Body response: {"error":{"code":"UNAUTHORIZED"}}
Request method:	POST
Request URI:	https://webapi.segundamano.mx/nga/api/v1.1/private/accounts?lang=es
Proxy:			<none>
Request params:	<none>
Query params:	lang=es
Form params:	<none>
Path params:	<none>
Headers:		Authorization=Basic ZGFubWdhcGlAbWFpbGluYXRvci5jb206RGFuQXBpcWE=
				Accept=*/*
				Content-Type=application/x-www-form-urlencoded; charset=ISO-8859-1
Cookies:		<none>
Multiparts:		<none>
Body:			<none>
Body response: {"access_token":"mc1x89745dca8dc2d299687b5db78dec392fef826975_v2","account":{"account_id":"/private/accounts/11515171","can_publish":true,"email":"danmgapi@mailinator.com","email_verified":true,"locations":[],"name":"Project intelliJ","phone":"5589562374","phone_hidden":false,"professional":false,"rfc":"","uuid":"cc0eb357-cd82-459e-8550-12eb999ea7bf"},"ad_events":{"24h":{"calls":0,"mails":0,"phone_views":0,"views":0},"7d":{"calls":0,"mails":0,"phone_views":0,"views":0},"total":{"calls":0,"mails":0,"phone_views":0,"views":0}},"token_type":"tag:scmcoord.com,2013:api"}
Request method:	POST
Request URI:	https://webapi.segundamano.mx/nga/api/v1/api/hal/cc0eb357-cd82-459e-8550-12eb999ea7bf/realtime/credentials
Proxy:			<none>
Request params:	<none>
Query params:	<none>
Form params:	<none>
Path params:	<none>
Headers:		Authorization=tag:scmcoord.com,2013:api mc1x89745dca8dc2d299687b5db78dec392fef826975_v2
				Accept=*/*
				Content-Type=application/json; charset=utf-8
Cookies:		<none>
Multiparts:		<none>
Body:			<none>
Body response: {"_links":{"self":{"href":"http://segundamanomx.messaging.advgo.net/api/hal/cc0eb357-cd82-459e-8550-12eb999ea7bf/realtime/credentials"}},"realTimeUser":{"id":"cc0eb357-cd82-459e-8550-12eb999ea7bf","xmppJid":"cc0eb357-cd82-459e-8550-12eb999ea7bf_segundamanomx@xmpp.messaging.advgo.net","token":"tf9XfKzX/gMY4fmjh6FmK0cNYUo0K3CxQsOgyY6+2F0tjEEyGMdRwSmRT0rFjWNJvLmMxXVLmswvnsxxq56WPY3xdtlggbDGMbuDOHAf1Yj9m0ILTDBvqgHO0mBROn/JBrkZzja5JjQo9waFU/CTHl743DmEUbwPEuSca8zrcEA=","connectionDelayInSeconds":0,"websocket":{"url":"wss://rt-ws.messaging.advgo.net/ws"},"bosh":{"url":"https://rt.messaging.advgo.net/http-bind"},"native":{"host":"rt.messaging.advgo.net","port":443}}}
Request method:	POST
Request URI:	https://webapi.segundamano.mx/addresses/v1/create
Proxy:			<none>
Request params:	<none>
Query params:	<none>
Form params:	contact=Prueba IntelliJ
				phone=5563249875
				rfc=FAFI881231JKL
				zipCode=12345
				exteriorInfo=Calle Intellli 2021
				interiorInfo=D12
				region=3
				municipality=36
				area=34854
				alias=Desde IntelliJ
Path params:	<none>
Headers:		Authorization=Basic Y2MwZWIzNTctY2Q4Mi00NTllLTg1NTAtMTJlYjk5OWVhN2JmOm1jMXg4OTc0NWRjYThkYzJkMjk5Njg3YjVkYjc4ZGVjMzkyZmVmODI2OTc1X3Yy
				Accept=*/*
				Content-Type=application/x-www-form-urlencoded; charset=ISO-8859-1
Cookies:		<none>
Multiparts:		<none>
Body:			<none>
Body response: {"addressID":"bcdfeaf6-603d-11ec-89de-3b1e95f8ded9"}
address: bcdfeaf6-603d-11ec-89de-3b1e95f8ded9
Request method:	GET
Request URI:	https://webapi.segundamano.mx/addresses/v1/get
Proxy:			<none>
Request params:	<none>
Query params:	<none>
Form params:	<none>
Path params:	<none>
Headers:		Authorization=Basic Y2MwZWIzNTctY2Q4Mi00NTllLTg1NTAtMTJlYjk5OWVhN2JmOm1jMXg4OTc0NWRjYThkYzJkMjk5Njg3YjVkYjc4ZGVjMzkyZmVmODI2OTc1X3Yy
				Accept=*/*
Cookies:		<none>
Multiparts:		<none>
Body:			<none>
Body response: {"addresses":{"c909c7d0-5ed9-11ec-9d8d-9f721a9a0473":{"exteriorInfo":"Calle 13","interiorInfo":"2015","region":3,"municipality":36,"area":34854,"alias":"Mr Api.","contact":"Dirección uno","phone":"5555123456","zipCode":"05462"},"1a0b14b6-5edc-11ec-8b15-97a5f5e048ef":{"exteriorInfo":"Calle 13","interiorInfo":"2015","region":3,"municipality":36,"area":34854,"alias":"Apis Direccion","contact":"Nueva dirección","phone":"5555123456","zipCode":"05462"},"ccbeb07e-6038-11ec-89de-17d66abd40b6":{"exteriorInfo":"Calle Intellli 2021","interiorInfo":"D12","region":3,"municipality":36,"area":34854,"alias":"Desde IntelliJ","contact":"Prueba IntelliJ","phone":"5563249875","zipCode":"12345"},"bcdfeaf6-603d-11ec-89de-3b1e95f8ded9":{"exteriorInfo":"Calle Intellli 2021","interiorInfo":"D12","region":3,"municipality":36,"area":34854,"alias":"Desde IntelliJ","contact":"Prueba IntelliJ","phone":"5563249875","zipCode":"12345"}}}
address: bcdfeaf6-603d-11ec-89de-3b1e95f8ded9
Request method:	DELETE
Request URI:	https://webapi.segundamano.mx/addresses/v1/delete/bcdfeaf6-603d-11ec-89de-3b1e95f8ded9
Proxy:			<none>
Request params:	<none>
Query params:	<none>
Form params:	<none>
Path params:	<none>
Headers:		Authorization=Basic Y2MwZWIzNTctY2Q4Mi00NTllLTg1NTAtMTJlYjk5OWVhN2JmOm1jMXg4OTc0NWRjYThkYzJkMjk5Njg3YjVkYjc4ZGVjMzkyZmVmODI2OTc1X3Yy
				Accept=*/*
Cookies:		<none>
Multiparts:		<none>
Body:			<none>
Body response: {"message":"bcdfeaf6-603d-11ec-89de-3b1e95f8ded9 deleted correctly"}
Request method:	PATCH
Request URI:	https://webapi.segundamano.mx/addresses/v1/get
Proxy:			<none>
Request params:	<none>
Query params:	<none>
Form params:	<none>
Path params:	<none>
Headers:		Authorization=Basic Y2MwZWIzNTctY2Q4Mi00NTllLTg1NTAtMTJlYjk5OWVhN2JmOm1jMXg4OTc0NWRjYThkYzJkMjk5Njg3YjVkYjc4ZGVjMzkyZmVmODI2OTc1X3Yy
				Accept=*/*
Cookies:		<none>
Multiparts:		<none>
Body:			<none>
Body response: Method Not Allowed
Request method:	POST
Request URI:	https://webapi.segundamano.mx/nga/api/v1.1/private/accounts?lang=es
Proxy:			<none>
Request params:	<none>
Query params:	lang=es
Form params:	<none>
Path params:	<none>
Headers:		Authorization=Basic ZGFubWdhcGlAbWFpbGluYXRvci5jb206RGFuQXBpcWE=
				Accept=*/*
				Content-Type=application/x-www-form-urlencoded; charset=ISO-8859-1
Cookies:		<none>
Multiparts:		<none>
Body:			<none>
Body response: {"access_token":"mc1x49742c1b3447c910d5d9e306fd4d4288ff2f8241_v2","account":{"account_id":"/private/accounts/11515171","can_publish":true,"email":"danmgapi@mailinator.com","email_verified":true,"locations":[],"name":"Project intelliJ","phone":"5589562374","phone_hidden":false,"professional":false,"rfc":"","uuid":"cc0eb357-cd82-459e-8550-12eb999ea7bf"},"ad_events":{"24h":{"calls":0,"mails":0,"phone_views":0,"views":0},"7d":{"calls":0,"mails":0,"phone_views":0,"views":0},"total":{"calls":0,"mails":0,"phone_views":0,"views":0}},"token_type":"tag:scmcoord.com,2013:api"}
Request method:	POST
Request URI:	https://webapi.segundamano.mx/v2/accounts/cc0eb357-cd82-459e-8550-12eb999ea7bf/up
Proxy:			<none>
Request params:	<none>
Query params:	<none>
Form params:	<none>
Path params:	<none>
Headers:		Authorization=Basic Y2MwZWIzNTctY2Q4Mi00NTllLTg1NTAtMTJlYjk5OWVhN2JmOm1jMXg0OTc0MmMxYjM0NDdjOTEwZDVkOWUzMDZmZDRkNDI4OGZmMmY4MjQxX3Yy
				Accept=application/json, text/plain, *
				X-Source=PHOENIX_DESKTOP
				Content-Type=application/json
Cookies:		<none>
Multiparts:		<none>
Body:
{
    "category": "8082",
    "subject": "PC laptop Reparacion",
    "body": "Se revisa y repara todo tipo de equipo",
    "price": "500",
    "region": "17",
    "municipality": "699",
    "area": "177439",
    "phone_hidden": "false",
    "show_phone": "true",
    "contact_phone": "8855123456"
}
Request: {"category":"8082","subject":"PC laptop Reparacion","body":"Se revisa y repara todo tipo de equipo","price":"500","region":"17","municipality":"699","area":"177439","phone_hidden":"false","show_phone":"true","contact_phone":"8855123456"}
Body response: {"data":{"ad":{"ad_id":"72962542","subject":"PC laptop Reparacion","category":{"code":"8082","label":"Computadoras y laptops","parent":{"code":"8080","label":"Reparación de equipo","parent":{"code":"8000","label":"Servicios"}}},"region":{"code":"17","label":"Estado de México"},"municipality":{"code":"699","label":"Chalco"},"area":{"code":"177439","label":"Caja de Agua"},"price":{"currency":"MXN","value":500}},"payment_info":{"payment_required":false,"title":"¡Vende más rápido con los Productos Premium!","description":"Elige la opción que mejor se ajuste a tus necesidades","products":[{"id":"serv_free","name":"Anuncio básico","label":"Anuncio con exposición regular, tendrás menos visitas","description":"Anuncio con exposición regular, tendrás menos visitas","price":0,"most_popular":false,"active":true},{"id":"serv_daily","name":"Subir Diario","label":"Recibe hasta 5 veces más contactos en 7 días","description":"","price":120,"credits":120,"most_popular":false,"active":true,"payment_methods":["pay_method_paypal","pay_method_credit","pay_method_points","pay_method_oxxo"]},{"id":"serv_premiumpackage_2","name":"Subir diario y Posición principal","label":"Recibe hasta 12 veces más contactos","description":"Sube tu anuncio todos los días durante 7 días y pon tu anuncio en la primera posición durante 3 días","price":220,"credits":220,"most_popular":true,"active":true,"tag":{"slug":"tag_recommended","name":"RECOMENDADO"},"payment_methods":["pay_method_paypal","pay_method_credit","pay_method_points","pay_method_oxxo"]}]}}}
Request method:	POST
Request URI:	https://webapi.segundamano.mx/nga/api/v1.1/private/accounts?lang=es
Proxy:			<none>
Request params:	<none>
Query params:	lang=es
Form params:	<none>
Path params:	<none>
Headers:		Authorization=Basic ZGFubWdhcGlAbWFpbGluYXRvci5jb206RGFuQXBpcWE=
				Accept=*/*
				Content-Type=application/x-www-form-urlencoded; charset=ISO-8859-1
Cookies:		<none>
Multiparts:		<none>
Body:			<none>
Body response: {"access_token":"mc1xeb107356fb697c53b31e514ba296288f077ad229_v2","account":{"account_id":"/private/accounts/11515171","can_publish":true,"email":"danmgapi@mailinator.com","email_verified":true,"locations":[],"name":"Project intelliJ","phone":"5589562374","phone_hidden":false,"professional":false,"rfc":"","uuid":"cc0eb357-cd82-459e-8550-12eb999ea7bf"},"ad_events":{"24h":{"calls":0,"mails":0,"phone_views":0,"views":0},"7d":{"calls":0,"mails":0,"phone_views":0,"views":0},"total":{"calls":0,"mails":0,"phone_views":0,"views":0}},"token_type":"tag:scmcoord.com,2013:api"}
Request method:	GET
Request URI:	https://webapi.segundamano.mx/nga/api/v1/private/accounts/11515171/klfst?status=pending
Proxy:			<none>
Request params:	<none>
Query params:	status=pending
Form params:	<none>
Path params:	<none>
Headers:		Authorization=tag:scmcoord.com,2013:api mc1xeb107356fb697c53b31e514ba296288f077ad229_v2
				Accept=*/*
Cookies:		<none>
Multiparts:		<none>
Body:			<none>
Body response: {"counter_map":{"all":2,"pending":2},"private_ads":[{"ad":{"ad_id":"/private/accounts/11515171/ads/72962542","category":{"code":"8082","color":"FDE8DE","icon":"http://www.segundamano.mx/img/nga/servicios.png","label":"Computadoras y laptops"},"subject":"PC laptop Reparacion"},"labelmap":{"category":"Categoría","subject":"Título"},"statistics":{"total":{"calls":0,"mails":0,"phone_views":0,"views":0}}},{"ad":{"ad_id":"/private/accounts/11515171/ads/72962522","category":{"code":"8082","color":"FDE8DE","icon":"http://www.segundamano.mx/img/nga/servicios.png","label":"Computadoras y laptops"},"subject":"PC laptop Reparacion"},"labelmap":{"category":"Categoría","subject":"Título"},"statistics":{"total":{"calls":0,"mails":0,"phone_views":0,"views":0}}}]}
accessToken: mc1xeb107356fb697c53b31e514ba296288f077ad229_v2
account: /private/accounts/11515171
uuid: cc0eb357-cd82-459e-8550-12eb999ea7bf
Request method:	POST
Request URI:	https://webapi.segundamano.mx/price-recommender/v1/public/recommend/
Proxy:			<none>
Request params:	<none>
Query params:	<none>
Form params:	<none>
Path params:	<none>
Headers:		Accept=*/*
				Content-Type=text/plain; charset=ISO-8859-1
Cookies:		<none>
Multiparts:		<none>
Body:
{"category":"2021","price":"0","carbrand":"115","carmodel":"11509","regdate":"2020","mileage":"100000","gearbox":"1","fuel":"1"}
Request: {"category":"2021","price":"0","carbrand":"115","carmodel":"11509","regdate":"2020","mileage":"100000","gearbox":"1","fuel":"1"}
Body response: {"data":{"minimum":162948,"maximum":173220,"recommended":168860,"classification":{"code":1,"description":"low_price"}}}

Request method:	POST
Request URI:	https://webapi.segundamano.mx/favorites/v1/private/accounts/cc0eb357-cd82-459e-8550-12eb999ea7bf
Proxy:			<none>
Request params:	<none>
Query params:	<none>
Form params:	<none>
Path params:	<none>
Headers:		Authorization=Basic Y2MwZWIzNTctY2Q4Mi00NTllLTg1NTAtMTJlYjk5OWVhN2JmOm1jMXhlYjEwNzM1NmZiNjk3YzUzYjMxZTUxNGJhMjk2Mjg4ZjA3N2FkMjI5X3Yy
				Accept=*/*
				Content-Type=text/plain; charset=ISO-8859-1
Cookies:		<none>
Multiparts:		<none>
Body:
{"list_ids":[937457787,937457786]}
Request: {"list_ids":[937457787,937457786]}
Body response: {"data":{"added":[]}}

Request method:	GET
Request URI:	https://webapi.segundamano.mx/favorites/v1/private/accounts/cc0eb357-cd82-459e-8550-12eb999ea7bf
Proxy:			<none>
Request params:	<none>
Query params:	<none>
Form params:	<none>
Path params:	<none>
Headers:		Authorization=Basic Y2MwZWIzNTctY2Q4Mi00NTllLTg1NTAtMTJlYjk5OWVhN2JmOm1jMXhlYjEwNzM1NmZiNjk3YzUzYjMxZTUxNGJhMjk2Mjg4ZjA3N2FkMjI5X3Yy
				Accept=*/*
Cookies:		<none>
Multiparts:		<none>
Body:			<none>
Body response: {"data":{"name":"Favoritos","list_ids":[937457787,937457786,937457860,937457863]}}

Request method:	POST
Request URI:	https://webapi.segundamano.mx/nga/api/v1.1/private/accounts?lang=es
Proxy:			<none>
Request params:	<none>
Query params:	lang=es
Form params:	<none>
Path params:	<none>
Headers:		Authorization=Basic ZGFubWdhcGlAbWFpbGluYXRvci5jb206RGFuQXBpcWE=
				Accept=*/*
				Content-Type=application/x-www-form-urlencoded; charset=ISO-8859-1
Cookies:		<none>
Multiparts:		<none>
Body:			<none>
Body response: {"access_token":"mc1x0827d60e247e3ae85333d47210a7092bf208204f_v2","account":{"account_id":"/private/accounts/11515171","can_publish":true,"email":"danmgapi@mailinator.com","email_verified":true,"locations":[],"name":"Project intelliJ","phone":"5589562374","phone_hidden":false,"professional":false,"rfc":"","uuid":"cc0eb357-cd82-459e-8550-12eb999ea7bf"},"ad_events":{"24h":{"calls":0,"mails":0,"phone_views":0,"views":0},"7d":{"calls":0,"mails":0,"phone_views":0,"views":0},"total":{"calls":0,"mails":0,"phone_views":0,"views":0}},"token_type":"tag:scmcoord.com,2013:api"}
Request method:	PATCH
Request URI:	https://webapi.segundamano.mx/nga/api/v1%2F%2Fprivate/accounts/11515171
Proxy:			<none>
Request params:	<none>
Query params:	<none>
Form params:	<none>
Path params:	<none>
Headers:		Authorization=tag:scmcoord.com,2013:api mc1x0827d60e247e3ae85333d47210a7092bf208204f_v2
				Origin=https://www.segundamano.mx
				Accept=*/*
				Content-Type=application/json
Cookies:		<none>
Multiparts:		<none>
Body:
{
    "account": {
        "password": "DanApiqa"
    }
}
Body response: {"access_token":"mc1x4c4e8f59c994002270b8b9d9b6958271403d23e6_v2","account":{"account_id":"/private/accounts/11515171","can_publish":true,"email":"danmgapi@mailinator.com","email_verified":true,"locations":[],"name":"Project intelliJ","phone":"5589562374","phone_hidden":false,"professional":false,"rfc":"","uuid":"cc0eb357-cd82-459e-8550-12eb999ea7bf"},"token_type":"tag:scmcoord.com,2013:api"}
]]></system-out>
  <system-err><![CDATA[]]></system-err>
</testsuite>
